#! /usr/bin/vvp
:ivl_version "10.1 (stable)";
:ivl_delay_selection "TYPICAL";
:vpi_time_precision + 0;
:vpi_module "system";
:vpi_module "vhdl_sys";
:vpi_module "v2005_math";
:vpi_module "va_math";
S_0x5648ab45eda0 .scope module, "BranchMagicBox" "BranchMagicBox" 2 150;
 .timescale 0 0;
    .port_info 0 /OUTPUT 9 "Qs"
    .port_info 1 /INPUT 6 "opcode"
    .port_info 2 /INPUT 16 "imm16"
    .port_info 3 /INPUT 5 "rs"
    .port_info 4 /INPUT 5 "rt"
    .port_info 5 /INPUT 1 "Ld"
    .port_info 6 /INPUT 1 "CLK"
o0x7f8e04125018 .functor BUFZ 1, C4<z>; HiZ drive
v0x5648ab481660_0 .net "CLK", 0 0, o0x7f8e04125018;  0 drivers
o0x7f8e04125048 .functor BUFZ 1, C4<z>; HiZ drive
v0x5648ab483b10_0 .net "Ld", 0 0, o0x7f8e04125048;  0 drivers
v0x5648ab482a40_0 .var "Qs", 8 0;
o0x7f8e041250a8 .functor BUFZ 16, C4<zzzzzzzzzzzzzzzz>; HiZ drive
v0x5648ab481da0_0 .net "imm16", 15 0, o0x7f8e041250a8;  0 drivers
o0x7f8e041250d8 .functor BUFZ 6, C4<zzzzzz>; HiZ drive
v0x5648ab49e730_0 .net "opcode", 5 0, o0x7f8e041250d8;  0 drivers
o0x7f8e04125108 .functor BUFZ 5, C4<zzzzz>; HiZ drive
v0x5648ab4bd580_0 .net "rs", 4 0, o0x7f8e04125108;  0 drivers
o0x7f8e04125138 .functor BUFZ 5, C4<zzzzz>; HiZ drive
v0x5648ab4bd660_0 .net "rt", 4 0, o0x7f8e04125138;  0 drivers
S_0x5648ab459bb0 .scope module, "ControlUnitTest" "ControlUnitTest" 2 1095;
 .timescale 0 0;
    .port_info 0 /OUTPUT 19 "signals"
    .port_info 1 /INPUT 6 "opcode"
    .port_info 2 /INPUT 1 "reset"
    .port_info 3 /INPUT 1 "clock"
    .port_info 4 /INPUT 1 "MOC"
o0x7f8e04125378 .functor BUFZ 1, C4<z>; HiZ drive
v0x5648ab4beab0_0 .net "MOC", 0 0, o0x7f8e04125378;  0 drivers
o0x7f8e041254f8 .functor BUFZ 1, C4<z>; HiZ drive
v0x5648ab4beb70_0 .net "clock", 0 0, o0x7f8e041254f8;  0 drivers
v0x5648ab4bec40_0 .net "next", 4 0, v0x5648ab4bdff0_0;  1 drivers
o0x7f8e041253d8 .functor BUFZ 6, C4<zzzzzz>; HiZ drive
v0x5648ab4bed60_0 .net "opcode", 5 0, o0x7f8e041253d8;  0 drivers
o0x7f8e041254c8 .functor BUFZ 1, C4<z>; HiZ drive
v0x5648ab4bee00_0 .net "reset", 0 0, o0x7f8e041254c8;  0 drivers
v0x5648ab4beef0_0 .net "signals", 18 0, v0x5648ab4bda70_0;  1 drivers
v0x5648ab4befc0_0 .net "state", 4 0, v0x5648ab4be740_0;  1 drivers
S_0x5648ab4bd820 .scope module, "CSE" "ControlSignalEncoderTest" 2 1098, 2 862 0, S_0x5648ab459bb0;
 .timescale 0 0;
    .port_info 0 /OUTPUT 19 "signals"
    .port_info 1 /INPUT 5 "state"
v0x5648ab4bda70_0 .var "signals", 18 0;
v0x5648ab4bdb70_0 .net "state", 4 0, v0x5648ab4be740_0;  alias, 1 drivers
E_0x5648ab41f3e0 .event edge, v0x5648ab4bdb70_0;
S_0x5648ab4bdcb0 .scope module, "NSD" "NextStateDecoderTest" 2 1099, 2 947 0, S_0x5648ab459bb0;
 .timescale 0 0;
    .port_info 0 /OUTPUT 5 "next"
    .port_info 1 /INPUT 5 "prev"
    .port_info 2 /INPUT 6 "opcode"
    .port_info 3 /INPUT 1 "MOC"
v0x5648ab4bdf10_0 .net "MOC", 0 0, o0x7f8e04125378;  alias, 0 drivers
v0x5648ab4bdff0_0 .var "next", 4 0;
v0x5648ab4be0d0_0 .net "opcode", 5 0, o0x7f8e041253d8;  alias, 0 drivers
v0x5648ab4be190_0 .net "prev", 4 0, v0x5648ab4be740_0;  alias, 1 drivers
E_0x5648ab41efc0 .event edge, v0x5648ab4be0d0_0, v0x5648ab4bdb70_0;
S_0x5648ab4be310 .scope module, "SR" "StateRegister" 2 1097, 2 594 0, S_0x5648ab459bb0;
 .timescale 0 0;
    .port_info 0 /OUTPUT 5 "next"
    .port_info 1 /INPUT 5 "prev"
    .port_info 2 /INPUT 1 "clock"
    .port_info 3 /INPUT 1 "clear"
v0x5648ab4be5a0_0 .net "clear", 0 0, o0x7f8e041254c8;  alias, 0 drivers
v0x5648ab4be680_0 .net "clock", 0 0, o0x7f8e041254f8;  alias, 0 drivers
v0x5648ab4be740_0 .var "next", 4 0;
v0x5648ab4be860_0 .net "prev", 4 0, v0x5648ab4bdff0_0;  alias, 1 drivers
v0x5648ab4be920_0 .var "state", 4 0;
E_0x5648ab4a8b90 .event posedge, v0x5648ab4be680_0;
S_0x5648ab4804e0 .scope module, "MemToRegMux" "MemToRegMux" 2 560;
 .timescale 0 0;
    .port_info 0 /OUTPUT 32 "data"
    .port_info 1 /INPUT 32 "readData"
    .port_info 2 /INPUT 32 "aluResult"
    .port_info 3 /INPUT 1 "memToReg"
o0x7f8e04125708 .functor BUFZ 32, C4<zzzzzzzzzzzzzzzzzzzzzzzzzzzzzzzz>; HiZ drive
v0x5648ab4bf130_0 .net "aluResult", 31 0, o0x7f8e04125708;  0 drivers
v0x5648ab4bf230_0 .var "data", 31 0;
o0x7f8e04125768 .functor BUFZ 1, C4<z>; HiZ drive
v0x5648ab4bf310_0 .net "memToReg", 0 0, o0x7f8e04125768;  0 drivers
o0x7f8e04125798 .functor BUFZ 32, C4<zzzzzzzzzzzzzzzzzzzzzzzzzzzzzzzz>; HiZ drive
v0x5648ab4bf3b0_0 .net "readData", 31 0, o0x7f8e04125798;  0 drivers
E_0x5648ab4a9130 .event edge, v0x5648ab4bf310_0;
S_0x5648ab456760 .scope module, "mipsTester" "mipsTester" 3 3;
 .timescale 0 0;
v0x5648ab4cb7b0_0 .var "clk", 0 0;
v0x5648ab4cb850_0 .net "outW", 31 0, L_0x5648ab4cc360;  1 drivers
v0x5648ab4cb910_0 .var "reset", 0 0;
S_0x5648ab4bf540 .scope module, "mips" "MipsProcessor" 3 15, 2 1 0, S_0x5648ab456760;
 .timescale 0 0;
    .port_info 0 /OUTPUT 32 "DataOut"
    .port_info 1 /INPUT 1 "reset"
    .port_info 2 /INPUT 1 "clock"
L_0x5648ab4cc360 .functor BUFZ 32, v0x5648ab4c0a20_0, C4<00000000000000000000000000000000>, C4<00000000000000000000000000000000>, C4<00000000000000000000000000000000>;
v0x5648ab4c86f0_0 .net "B", 0 0, L_0x5648ab4ccd80;  1 drivers
v0x5648ab4c87b0_0 .net "C", 0 0, v0x5648ab4c0890_0;  1 drivers
v0x5648ab4c88a0_0 .net "CUOut", 22 0, v0x5648ab4c2520_0;  1 drivers
v0x5648ab4c89c0_0 .net "DataOut", 31 0, L_0x5648ab4cc360;  alias, 1 drivers
o0x7f8e04126ea8 .functor BUFZ 5, C4<zzzzz>; HiZ drive
v0x5648ab4c8a60_0 .net "HI", 4 0, o0x7f8e04126ea8;  0 drivers
v0x5648ab4c8b70_0 .net "IR", 0 0, L_0x5648ab4ccbf0;  1 drivers
v0x5648ab4c8c10_0 .net "IR15_11", 4 0, L_0x5648ab4dd6f0;  1 drivers
v0x5648ab4c8ce0_0 .net "IR20_16", 4 0, L_0x5648ab4dd650;  1 drivers
v0x5648ab4c8dd0_0 .net "IR25_21", 4 0, L_0x5648ab4dd480;  1 drivers
o0x7f8e04126f08 .functor BUFZ 5, C4<zzzzz>; HiZ drive
v0x5648ab4c8f00_0 .net "LO", 4 0, o0x7f8e04126f08;  0 drivers
v0x5648ab4c8fd0_0 .net "MAR", 0 0, L_0x5648ab4cca60;  1 drivers
v0x5648ab4c90a0_0 .net "MDRLd", 0 0, L_0x5648ab4cc8e0;  1 drivers
v0x5648ab4c9170_0 .net "MOC", 0 0, v0x5648ab4c60e0_0;  1 drivers
v0x5648ab4c9210_0 .net "MOV", 0 0, L_0x5648ab4cc0f0;  1 drivers
v0x5648ab4c92e0_0 .net "PCplus8", 31 0, L_0x5648ab4dd1d0;  1 drivers
o0x7f8e04126f38 .functor BUFZ 5, C4<zzzzz>; HiZ drive
v0x5648ab4c9380_0 .net "R_31", 4 0, o0x7f8e04126f38;  0 drivers
v0x5648ab4c9450_0 .net "V", 0 0, v0x5648ab4c0960_0;  1 drivers
L_0x7f8e040dc018 .functor BUFT 1, C4<00000000000000000000000>, C4<0>, C4<0>, C4<0>;
v0x5648ab4c9520_0 .net/2u *"_s46", 22 0, L_0x7f8e040dc018;  1 drivers
v0x5648ab4c95c0_0 .net *"_s63", 25 0, L_0x5648ab4ddb60;  1 drivers
v0x5648ab4c9680_0 .net "address26", 0 0, L_0x5648ab4ddc00;  1 drivers
v0x5648ab4c9740_0 .net "aluOp0", 0 0, L_0x5648ab4cc7f0;  1 drivers
v0x5648ab4c9810_0 .net "aluOp1", 0 0, L_0x5648ab4cc470;  1 drivers
v0x5648ab4c98e0_0 .net "aluOp2", 0 0, L_0x5648ab4cc3d0;  1 drivers
v0x5648ab4c99b0_0 .net "aluResult", 31 0, v0x5648ab4c0a20_0;  1 drivers
v0x5648ab4c9a50_0 .net "aluSrc0", 0 0, L_0x5648ab4cc290;  1 drivers
v0x5648ab4c9af0_0 .net "aluSrc1", 0 0, L_0x5648ab4cc1f0;  1 drivers
v0x5648ab4c9b90_0 .net "aluSrcBout", 31 0, v0x5648ab4c1bd0_0;  1 drivers
v0x5648ab4c9c50_0 .net "clock", 0 0, v0x5648ab4cb7b0_0;  1 drivers
v0x5648ab4c9cf0_0 .net "funct", 5 0, L_0x5648ab4dde00;  1 drivers
v0x5648ab4c9db0_0 .net "imm16", 15 0, L_0x5648ab4dd970;  1 drivers
v0x5648ab4c9e80_0 .net "instructionOut", 31 0, v0x5648ab4c4110_0;  1 drivers
v0x5648ab4c9f50_0 .net "marMuxOut", 8 0, v0x5648ab4c4c60_0;  1 drivers
v0x5648ab4ca040_0 .net "marOut", 8 0, v0x5648ab4c4750_0;  1 drivers
v0x5648ab4ca150_0 .net "mdrOutput", 31 0, v0x5648ab4c5460_0;  1 drivers
v0x5648ab4ca260_0 .net "opcode", 5 0, L_0x5648ab4dd390;  1 drivers
v0x5648ab4ca370_0 .net "operation", 5 0, v0x5648ab4c16c0_0;  1 drivers
v0x5648ab4ca480_0 .net "outA", 31 0, v0x5648ab4bfb30_0;  1 drivers
v0x5648ab4ca540_0 .net "outB", 31 0, v0x5648ab4bfc30_0;  1 drivers
v0x5648ab4ca650_0 .net "pcLd", 0 0, L_0x5648ab4ccc90;  1 drivers
v0x5648ab4ca6f0_0 .net "pcMux", 0 0, L_0x5648ab4ccb50;  1 drivers
v0x5648ab4ca790_0 .net "pcOrMux", 0 0, L_0x5648ab4cb9b0;  1 drivers
v0x5648ab4ca830_0 .net "pcOut", 8 0, v0x5648ab4c59b0_0;  1 drivers
v0x5648ab4ca8d0_0 .var "program_counter", 8 0;
v0x5648ab4ca9b0_0 .net "ramDataOut", 31 0, v0x5648ab4c5fe0_0;  1 drivers
v0x5648ab4caa70_0 .net "ramR", 0 0, L_0x5648ab4ccf20;  1 drivers
v0x5648ab4cab10_0 .net "ramW", 0 0, L_0x5648ab4cd0d0;  1 drivers
v0x5648ab4cabb0_0 .net "regDst0", 0 0, L_0x5648ab4cc020;  1 drivers
v0x5648ab4cac50_0 .net "regDst1", 0 0, L_0x5648ab4cbf00;  1 drivers
v0x5648ab4cacf0_0 .net "regDst2", 0 0, L_0x5648ab4cbe60;  1 drivers
v0x5648ab4cadb0_0 .net "regDstOut", 4 0, v0x5648ab4c7210_0;  1 drivers
v0x5648ab4caec0_0 .net "regIn0", 0 0, L_0x5648ab4cbbe0;  1 drivers
v0x5648ab4caf80_0 .net "regIn1", 0 0, L_0x5648ab4cbb40;  1 drivers
v0x5648ab4cb040_0 .net "regInOut", 31 0, v0x5648ab4c7820_0;  1 drivers
v0x5648ab4cb150_0 .net "regSrc0", 0 0, L_0x5648ab4cbd50;  1 drivers
v0x5648ab4cb210_0 .net "regSrc1", 0 0, L_0x5648ab4cbcb0;  1 drivers
v0x5648ab4cb2d0_0 .net "regSrcOut", 4 0, v0x5648ab4c8080_0;  1 drivers
v0x5648ab4cb3e0_0 .net "regW", 0 0, L_0x5648ab4cba50;  1 drivers
v0x5648ab4cb480_0 .net "reset", 0 0, v0x5648ab4cb910_0;  1 drivers
v0x5648ab4cb520_0 .net "sa", 4 0, L_0x5648ab4dd880;  1 drivers
v0x5648ab4cb5c0_0 .net "signExtendOut", 31 0, v0x5648ab4c85f0_0;  1 drivers
v0x5648ab4cb6b0_0 .net "zflag", 0 0, v0x5648ab4c0fb0_0;  1 drivers
L_0x5648ab4cb9b0 .part v0x5648ab4c2520_0, 22, 1;
L_0x5648ab4cba50 .part v0x5648ab4c2520_0, 21, 1;
L_0x5648ab4cbb40 .part v0x5648ab4c2520_0, 20, 1;
L_0x5648ab4cbbe0 .part v0x5648ab4c2520_0, 19, 1;
L_0x5648ab4cbcb0 .part v0x5648ab4c2520_0, 18, 1;
L_0x5648ab4cbd50 .part v0x5648ab4c2520_0, 17, 1;
L_0x5648ab4cbe60 .part v0x5648ab4c2520_0, 16, 1;
L_0x5648ab4cbf00 .part v0x5648ab4c2520_0, 15, 1;
L_0x5648ab4cc020 .part v0x5648ab4c2520_0, 14, 1;
L_0x5648ab4cc0f0 .part v0x5648ab4c2520_0, 13, 1;
L_0x5648ab4cc1f0 .part v0x5648ab4c2520_0, 12, 1;
L_0x5648ab4cc290 .part v0x5648ab4c2520_0, 11, 1;
L_0x5648ab4cc3d0 .part v0x5648ab4c2520_0, 10, 1;
L_0x5648ab4cc470 .part v0x5648ab4c2520_0, 9, 1;
L_0x5648ab4cc7f0 .part v0x5648ab4c2520_0, 8, 1;
L_0x5648ab4cc8e0 .part v0x5648ab4c2520_0, 7, 1;
L_0x5648ab4cca60 .part v0x5648ab4c2520_0, 6, 1;
L_0x5648ab4ccb50 .part v0x5648ab4c2520_0, 5, 1;
L_0x5648ab4ccc90 .part v0x5648ab4c2520_0, 4, 1;
L_0x5648ab4ccd80 .part v0x5648ab4c2520_0, 3, 1;
L_0x5648ab4ccbf0 .part v0x5648ab4c2520_0, 2, 1;
L_0x5648ab4ccf20 .part v0x5648ab4c2520_0, 1, 1;
L_0x5648ab4cd0d0 .part v0x5648ab4c2520_0, 0, 1;
L_0x5648ab4dd1d0 .concat [ 9 23 0 0], v0x5648ab4ca8d0_0, L_0x7f8e040dc018;
L_0x5648ab4dd390 .part v0x5648ab4c4110_0, 26, 6;
L_0x5648ab4dd480 .part v0x5648ab4c4110_0, 21, 5;
L_0x5648ab4dd650 .part v0x5648ab4c4110_0, 16, 5;
L_0x5648ab4dd6f0 .part v0x5648ab4c4110_0, 11, 5;
L_0x5648ab4dd880 .part v0x5648ab4c4110_0, 6, 5;
L_0x5648ab4dd970 .part v0x5648ab4c4110_0, 0, 16;
L_0x5648ab4ddb60 .part v0x5648ab4c4110_0, 0, 26;
L_0x5648ab4ddc00 .part L_0x5648ab4ddb60, 0, 1;
L_0x5648ab4dde00 .part v0x5648ab4c4110_0, 0, 6;
L_0x5648ab4ddf40 .concat [ 1 1 0 0], L_0x5648ab4cbbe0, L_0x5648ab4cbb40;
L_0x5648ab4de150 .concat [ 1 1 0 0], L_0x5648ab4cbd50, L_0x5648ab4cbcb0;
L_0x5648ab4de290 .concat [ 1 1 1 0], L_0x5648ab4cc020, L_0x5648ab4cbf00, L_0x5648ab4cbe60;
L_0x5648ab4de030 .concat [ 1 1 0 0], L_0x5648ab4cc290, L_0x5648ab4cc1f0;
S_0x5648ab4bf7a0 .scope module, "RegF" "RegisterFile" 2 127, 2 319 0, S_0x5648ab4bf540;
 .timescale 0 0;
    .port_info 0 /OUTPUT 32 "OA"
    .port_info 1 /OUTPUT 32 "OB"
    .port_info 2 /INPUT 32 "dataIn"
    .port_info 3 /INPUT 5 "destination"
    .port_info 4 /INPUT 5 "regAddressA"
    .port_info 5 /INPUT 5 "regAddressB"
    .port_info 6 /INPUT 1 "write"
    .port_info 7 /INPUT 1 "clock"
v0x5648ab4bfb30_0 .var "OA", 31 0;
v0x5648ab4bfc30_0 .var "OB", 31 0;
v0x5648ab4bfd10_0 .net "clock", 0 0, v0x5648ab4cb7b0_0;  alias, 1 drivers
v0x5648ab4bfdb0_0 .net "dataIn", 31 0, v0x5648ab4c7820_0;  alias, 1 drivers
v0x5648ab4bfe90_0 .net "destination", 4 0, v0x5648ab4c7210_0;  alias, 1 drivers
v0x5648ab4bffc0_0 .net "regAddressA", 4 0, v0x5648ab4c8080_0;  alias, 1 drivers
v0x5648ab4c00a0_0 .net "regAddressB", 4 0, L_0x5648ab4dd650;  alias, 1 drivers
v0x5648ab4c0180 .array "registerFile", 0 31, 31 0;
v0x5648ab4c0240_0 .net "write", 0 0, L_0x5648ab4cba50;  alias, 1 drivers
E_0x5648ab4bfab0 .event posedge, v0x5648ab4bfd10_0;
S_0x5648ab4c0400 .scope module, "alu" "Alu_32bits" 2 131, 2 391 0, S_0x5648ab4bf540;
 .timescale 0 0;
    .port_info 0 /OUTPUT 32 "Y"
    .port_info 1 /OUTPUT 1 "zFlag"
    .port_info 2 /OUTPUT 1 "C"
    .port_info 3 /OUTPUT 1 "V"
    .port_info 4 /INPUT 6 "s"
    .port_info 5 /INPUT 32 "A"
    .port_info 6 /INPUT 32 "B"
v0x5648ab4c06f0_0 .net "A", 31 0, v0x5648ab4bfb30_0;  alias, 1 drivers
v0x5648ab4c07d0_0 .net "B", 31 0, v0x5648ab4c1bd0_0;  alias, 1 drivers
v0x5648ab4c0890_0 .var "C", 0 0;
v0x5648ab4c0960_0 .var "V", 0 0;
v0x5648ab4c0a20_0 .var "Y", 31 0;
v0x5648ab4c0b50_0 .var/i "c", 31 0;
v0x5648ab4c0c30_0 .var/i "c2", 31 0;
v0x5648ab4c0d10_0 .var/i "flag", 31 0;
v0x5648ab4c0df0_0 .var/i "i", 31 0;
v0x5648ab4c0ed0_0 .net "s", 5 0, v0x5648ab4c16c0_0;  alias, 1 drivers
v0x5648ab4c0fb0_0 .var "zFlag", 0 0;
E_0x5648ab4c0690 .event edge, v0x5648ab4c07d0_0, v0x5648ab4bfb30_0, v0x5648ab4c0ed0_0;
S_0x5648ab4c1190 .scope module, "aluCtrl" "ALUControl" 2 130, 2 569 0, S_0x5648ab4bf540;
 .timescale 0 0;
    .port_info 0 /OUTPUT 6 "operation"
    .port_info 1 /INPUT 6 "funct"
    .port_info 2 /INPUT 1 "ALUOP2"
    .port_info 3 /INPUT 1 "ALUOP1"
    .port_info 4 /INPUT 1 "ALUOP0"
v0x5648ab4c1370_0 .net "ALUOP0", 0 0, L_0x5648ab4cc7f0;  alias, 1 drivers
v0x5648ab4c1450_0 .net "ALUOP1", 0 0, L_0x5648ab4cc470;  alias, 1 drivers
v0x5648ab4c1510_0 .net "ALUOP2", 0 0, L_0x5648ab4cc3d0;  alias, 1 drivers
v0x5648ab4c15e0_0 .net "funct", 5 0, L_0x5648ab4dde00;  alias, 1 drivers
v0x5648ab4c16c0_0 .var "operation", 5 0;
E_0x5648ab4c05a0 .event edge, v0x5648ab4c1370_0, v0x5648ab4c1450_0, v0x5648ab4c1510_0, v0x5648ab4c15e0_0;
S_0x5648ab4c1880 .scope module, "aluSrcMux" "ALUSrcMux" 2 128, 2 370 0, S_0x5648ab4bf540;
 .timescale 0 0;
    .port_info 0 /OUTPUT 32 "data"
    .port_info 1 /INPUT 32 "regData"
    .port_info 2 /INPUT 32 "extended"
    .port_info 3 /INPUT 5 "sa"
    .port_info 4 /INPUT 2 "aluSrc"
v0x5648ab4c1ad0_0 .net "aluSrc", 1 0, L_0x5648ab4de030;  1 drivers
v0x5648ab4c1bd0_0 .var "data", 31 0;
v0x5648ab4c1cc0_0 .net "extended", 31 0, v0x5648ab4c85f0_0;  alias, 1 drivers
v0x5648ab4c1d90_0 .net "regData", 31 0, v0x5648ab4bfc30_0;  alias, 1 drivers
v0x5648ab4c1e80_0 .net "sa", 4 0, L_0x5648ab4dd880;  alias, 1 drivers
E_0x5648ab4c1a50 .event edge, v0x5648ab4c1ad0_0;
S_0x5648ab4c2030 .scope module, "cu" "ControlUnit" 2 132, 2 855 0, S_0x5648ab4bf540;
 .timescale 0 0;
    .port_info 0 /OUTPUT 23 "signals"
    .port_info 1 /INPUT 6 "opcode"
    .port_info 2 /INPUT 1 "MOC"
    .port_info 3 /INPUT 1 "reset"
    .port_info 4 /INPUT 1 "clock"
v0x5648ab4c3600_0 .net "MOC", 0 0, v0x5648ab4c60e0_0;  alias, 1 drivers
v0x5648ab4c36c0_0 .net "clock", 0 0, v0x5648ab4cb7b0_0;  alias, 1 drivers
v0x5648ab4c37b0_0 .net "next", 4 0, v0x5648ab4c2a70_0;  1 drivers
v0x5648ab4c38a0_0 .net "opcode", 5 0, L_0x5648ab4dd390;  alias, 1 drivers
v0x5648ab4c3940_0 .net "reset", 0 0, v0x5648ab4cb910_0;  alias, 1 drivers
v0x5648ab4c3a80_0 .net "signals", 22 0, v0x5648ab4c2520_0;  alias, 1 drivers
v0x5648ab4c3b20_0 .net "state", 4 0, v0x5648ab4c32d0_0;  1 drivers
S_0x5648ab4c2250 .scope module, "CSE" "ControlSignalEncoder" 2 858, 2 615 0, S_0x5648ab4c2030;
 .timescale 0 0;
    .port_info 0 /OUTPUT 23 "signals"
    .port_info 1 /INPUT 5 "state"
v0x5648ab4c2520_0 .var "signals", 22 0;
v0x5648ab4c2620_0 .net "state", 4 0, v0x5648ab4c32d0_0;  alias, 1 drivers
E_0x5648ab4c24a0 .event edge, v0x5648ab4c2620_0;
S_0x5648ab4c2760 .scope module, "NSD" "NextStateDecoder" 2 859, 2 702 0, S_0x5648ab4c2030;
 .timescale 0 0;
    .port_info 0 /OUTPUT 5 "next"
    .port_info 1 /INPUT 5 "prev"
    .port_info 2 /INPUT 6 "opcode"
    .port_info 3 /INPUT 1 "MOC"
    .port_info 4 /INPUT 1 "reset"
v0x5648ab4c2990_0 .net "MOC", 0 0, v0x5648ab4c60e0_0;  alias, 1 drivers
v0x5648ab4c2a70_0 .var "next", 4 0;
v0x5648ab4c2b50_0 .net "opcode", 5 0, L_0x5648ab4dd390;  alias, 1 drivers
v0x5648ab4c2c40_0 .net "prev", 4 0, v0x5648ab4c32d0_0;  alias, 1 drivers
v0x5648ab4c2d30_0 .net "reset", 0 0, v0x5648ab4cb910_0;  alias, 1 drivers
E_0x5648ab4c2930 .event edge, v0x5648ab4c2b50_0, v0x5648ab4c2620_0;
S_0x5648ab4c2ec0 .scope module, "SR" "StateRegister" 2 857, 2 594 0, S_0x5648ab4c2030;
 .timescale 0 0;
    .port_info 0 /OUTPUT 5 "next"
    .port_info 1 /INPUT 5 "prev"
    .port_info 2 /INPUT 1 "clock"
    .port_info 3 /INPUT 1 "clear"
v0x5648ab4c3130_0 .net "clear", 0 0, v0x5648ab4cb910_0;  alias, 1 drivers
v0x5648ab4c3200_0 .net "clock", 0 0, v0x5648ab4cb7b0_0;  alias, 1 drivers
v0x5648ab4c32d0_0 .var "next", 4 0;
v0x5648ab4c33f0_0 .net "prev", 4 0, v0x5648ab4c2a70_0;  alias, 1 drivers
v0x5648ab4c3490_0 .var "state", 4 0;
S_0x5648ab4c3c60 .scope module, "instruction" "Instruction" 2 119, 2 187 0, S_0x5648ab4bf540;
 .timescale 0 0;
    .port_info 0 /OUTPUT 32 "Qs"
    .port_info 1 /INPUT 32 "Ds"
    .port_info 2 /INPUT 1 "Ld"
    .port_info 3 /INPUT 1 "CLK"
v0x5648ab4c3ea0_0 .net "CLK", 0 0, v0x5648ab4cb7b0_0;  alias, 1 drivers
v0x5648ab4c3f60_0 .net "Ds", 31 0, v0x5648ab4c5fe0_0;  alias, 1 drivers
v0x5648ab4c4040_0 .net "Ld", 0 0, L_0x5648ab4ccbf0;  alias, 1 drivers
v0x5648ab4c4110_0 .var "Qs", 31 0;
S_0x5648ab4c42a0 .scope module, "mar" "MAR" 2 120, 2 200 0, S_0x5648ab4bf540;
 .timescale 0 0;
    .port_info 0 /OUTPUT 9 "Qs"
    .port_info 1 /INPUT 9 "Ds"
    .port_info 2 /INPUT 1 "Ld"
    .port_info 3 /INPUT 1 "CLK"
v0x5648ab4c44e0_0 .net "CLK", 0 0, v0x5648ab4cb7b0_0;  alias, 1 drivers
v0x5648ab4c45a0_0 .net "Ds", 8 0, v0x5648ab4c4c60_0;  alias, 1 drivers
v0x5648ab4c4680_0 .net "Ld", 0 0, L_0x5648ab4cca60;  alias, 1 drivers
v0x5648ab4c4750_0 .var "Qs", 8 0;
S_0x5648ab4c48e0 .scope module, "marMux" "MemAddressMux" 2 121, 2 214 0, S_0x5648ab4bf540;
 .timescale 0 0;
    .port_info 0 /OUTPUT 9 "data"
    .port_info 1 /INPUT 9 "pc"
    .port_info 2 /INPUT 32 "aluResult"
    .port_info 3 /INPUT 1 "pcOrMux"
v0x5648ab4c4b50_0 .net "aluResult", 31 0, v0x5648ab4c0a20_0;  alias, 1 drivers
v0x5648ab4c4c60_0 .var "data", 8 0;
v0x5648ab4c4d30_0 .net "pc", 8 0, v0x5648ab4c59b0_0;  alias, 1 drivers
v0x5648ab4c4e00_0 .net "pcOrMux", 0 0, L_0x5648ab4cb9b0;  alias, 1 drivers
E_0x5648ab4c4ad0 .event edge, v0x5648ab4c4d30_0, v0x5648ab4c0a20_0, v0x5648ab4c4e00_0;
S_0x5648ab4c4f70 .scope module, "mdr" "MDR" 2 122, 2 224 0, S_0x5648ab4bf540;
 .timescale 0 0;
    .port_info 0 /OUTPUT 32 "Qs"
    .port_info 1 /INPUT 32 "Ds"
    .port_info 2 /INPUT 1 "Ld"
    .port_info 3 /INPUT 1 "CLK"
v0x5648ab4c5240_0 .net "CLK", 0 0, v0x5648ab4cb7b0_0;  alias, 1 drivers
v0x5648ab4c5300_0 .net "Ds", 31 0, v0x5648ab4bfb30_0;  alias, 1 drivers
v0x5648ab4c53c0_0 .net "Ld", 0 0, L_0x5648ab4cc8e0;  alias, 1 drivers
v0x5648ab4c5460_0 .var "Qs", 31 0;
S_0x5648ab4c55f0 .scope module, "pc" "ProgramCounter" 2 118, 2 136 0, S_0x5648ab4bf540;
 .timescale 0 0;
    .port_info 0 /OUTPUT 9 "Qs"
    .port_info 1 /INPUT 1 "Ld"
    .port_info 2 /INPUT 1 "CLK"
v0x5648ab4c5830_0 .net "CLK", 0 0, v0x5648ab4cb7b0_0;  alias, 1 drivers
v0x5648ab4c58f0_0 .net "Ld", 0 0, L_0x5648ab4ccc90;  alias, 1 drivers
v0x5648ab4c59b0_0 .var "Qs", 8 0;
S_0x5648ab4c5ae0 .scope module, "ram" "ram512x8" 2 123, 2 238 0, S_0x5648ab4bf540;
 .timescale 0 0;
    .port_info 0 /OUTPUT 32 "DataOut"
    .port_info 1 /OUTPUT 1 "MOC"
    .port_info 2 /INPUT 1 "MOV"
    .port_info 3 /INPUT 1 "MemRead"
    .port_info 4 /INPUT 1 "MemWrite"
    .port_info 5 /INPUT 9 "Address"
    .port_info 6 /INPUT 32 "DataIn"
v0x5648ab4c5e00_0 .net "Address", 8 0, v0x5648ab4c4750_0;  alias, 1 drivers
v0x5648ab4c5f10_0 .net "DataIn", 31 0, v0x5648ab4c5460_0;  alias, 1 drivers
v0x5648ab4c5fe0_0 .var "DataOut", 31 0;
v0x5648ab4c60e0_0 .var "MOC", 0 0;
v0x5648ab4c61d0_0 .net "MOV", 0 0, L_0x5648ab4cc0f0;  alias, 1 drivers
v0x5648ab4c62c0 .array "Mem", 511 0, 7 0;
v0x5648ab4c6360_0 .net "MemRead", 0 0, L_0x5648ab4ccf20;  alias, 1 drivers
v0x5648ab4c6420_0 .net "MemWrite", 0 0, L_0x5648ab4cd0d0;  alias, 1 drivers
v0x5648ab4c64e0_0 .var/i "code", 31 0;
v0x5648ab4c6650_0 .var "data", 31 0;
v0x5648ab4c6730_0 .var/i "fileIn", 31 0;
v0x5648ab4c6810_0 .var "loadPC", 8 0;
v0x5648ab4c68f0_0 .var "test_ram_out", 7 0;
E_0x5648ab4c5da0 .event posedge, v0x5648ab4c61d0_0;
S_0x5648ab4c6af0 .scope module, "regDstMux" "RegDstMux" 2 126, 2 307 0, S_0x5648ab4bf540;
 .timescale 0 0;
    .port_info 0 /OUTPUT 5 "destination"
    .port_info 1 /INPUT 5 "IR20_16"
    .port_info 2 /INPUT 5 "IR15_11"
    .port_info 3 /INPUT 5 "HI"
    .port_info 4 /INPUT 5 "LO"
    .port_info 5 /INPUT 5 "R_31"
    .port_info 6 /INPUT 3 "regDst"
v0x5648ab4c6da0_0 .net "HI", 4 0, o0x7f8e04126ea8;  alias, 0 drivers
v0x5648ab4c6ea0_0 .net "IR15_11", 4 0, L_0x5648ab4dd6f0;  alias, 1 drivers
v0x5648ab4c6f80_0 .net "IR20_16", 4 0, L_0x5648ab4dd650;  alias, 1 drivers
v0x5648ab4c7020_0 .net "LO", 4 0, o0x7f8e04126f08;  alias, 0 drivers
v0x5648ab4c70e0_0 .net "R_31", 4 0, o0x7f8e04126f38;  alias, 0 drivers
v0x5648ab4c7210_0 .var "destination", 4 0;
v0x5648ab4c72d0_0 .net "regDst", 2 0, L_0x5648ab4de290;  1 drivers
E_0x5648ab4c6d20 .event edge, v0x5648ab4c72d0_0;
S_0x5648ab4c74b0 .scope module, "regInMux" "RegInMux" 2 124, 2 286 0, S_0x5648ab4bf540;
 .timescale 0 0;
    .port_info 0 /OUTPUT 32 "data"
    .port_info 1 /INPUT 32 "aluResult"
    .port_info 2 /INPUT 32 "dataFromRam"
    .port_info 3 /INPUT 9 "program_counter"
    .port_info 4 /INPUT 2 "regIn"
v0x5648ab4c76f0_0 .net "aluResult", 31 0, v0x5648ab4c0a20_0;  alias, 1 drivers
v0x5648ab4c7820_0 .var "data", 31 0;
v0x5648ab4c78e0_0 .net "dataFromRam", 31 0, v0x5648ab4c5fe0_0;  alias, 1 drivers
v0x5648ab4c7a00_0 .net "program_counter", 8 0, v0x5648ab4c59b0_0;  alias, 1 drivers
v0x5648ab4c7af0_0 .net "regIn", 1 0, L_0x5648ab4ddf40;  1 drivers
E_0x5648ab4c5cb0 .event edge, v0x5648ab4c7af0_0;
S_0x5648ab4c7cc0 .scope module, "regSrcMux" "RegSrcMux" 2 125, 2 296 0, S_0x5648ab4bf540;
 .timescale 0 0;
    .port_info 0 /OUTPUT 5 "data"
    .port_info 1 /INPUT 5 "IR21_25"
    .port_info 2 /INPUT 2 "regSrc"
v0x5648ab4c7f80_0 .net "IR21_25", 4 0, L_0x5648ab4dd480;  alias, 1 drivers
v0x5648ab4c8080_0 .var "data", 4 0;
v0x5648ab4c8140_0 .net "regSrc", 1 0, L_0x5648ab4de150;  1 drivers
E_0x5648ab4c7f00 .event edge, v0x5648ab4c8140_0;
S_0x5648ab4c8260 .scope module, "signExtender" "Extender" 2 129, 2 382 0, S_0x5648ab4bf540;
 .timescale 0 0;
    .port_info 0 /OUTPUT 32 "dataOut"
    .port_info 1 /INPUT 16 "dataIn"
v0x5648ab4c84f0_0 .net "dataIn", 15 0, L_0x5648ab4dd970;  alias, 1 drivers
v0x5648ab4c85f0_0 .var "dataOut", 31 0;
E_0x5648ab4c8470 .event edge, v0x5648ab4c84f0_0;
    .scope S_0x5648ab4be310;
T_0 ;
    %wait E_0x5648ab4a8b90;
    %load/vec4 v0x5648ab4be5a0_0;
    %flag_set/vec4 8;
    %jmp/0xz  T_0.0, 8;
    %load/vec4 v0x5648ab4be680_0;
    %flag_set/vec4 8;
    %jmp/0xz  T_0.2, 8;
    %pushi/vec4 0, 0, 5;
    %store/vec4 v0x5648ab4be920_0, 0, 5;
T_0.2 ;
    %load/vec4 v0x5648ab4be920_0;
    %store/vec4 v0x5648ab4be740_0, 0, 5;
    %jmp T_0.1;
T_0.0 ;
    %load/vec4 v0x5648ab4be680_0;
    %flag_set/vec4 8;
    %jmp/0xz  T_0.4, 8;
    %load/vec4 v0x5648ab4be860_0;
    %store/vec4 v0x5648ab4be920_0, 0, 5;
T_0.4 ;
    %load/vec4 v0x5648ab4be920_0;
    %store/vec4 v0x5648ab4be740_0, 0, 5;
    %vpi_call 2 609 "$display", "STATE: %b", v0x5648ab4be920_0 {0 0 0};
T_0.1 ;
    %jmp T_0;
    .thread T_0;
    .scope S_0x5648ab4bd820;
T_1 ;
    %wait E_0x5648ab41f3e0;
    %load/vec4 v0x5648ab4bdb70_0;
    %dup/vec4;
    %pushi/vec4 0, 0, 5;
    %cmp/u;
    %jmp/1 T_1.0, 6;
    %dup/vec4;
    %pushi/vec4 1, 0, 5;
    %cmp/u;
    %jmp/1 T_1.1, 6;
    %dup/vec4;
    %pushi/vec4 2, 0, 5;
    %cmp/u;
    %jmp/1 T_1.2, 6;
    %dup/vec4;
    %pushi/vec4 3, 0, 5;
    %cmp/u;
    %jmp/1 T_1.3, 6;
    %dup/vec4;
    %pushi/vec4 4, 0, 5;
    %cmp/u;
    %jmp/1 T_1.4, 6;
    %dup/vec4;
    %pushi/vec4 5, 0, 5;
    %cmp/u;
    %jmp/1 T_1.5, 6;
    %dup/vec4;
    %pushi/vec4 6, 0, 5;
    %cmp/u;
    %jmp/1 T_1.6, 6;
    %dup/vec4;
    %pushi/vec4 7, 0, 5;
    %cmp/u;
    %jmp/1 T_1.7, 6;
    %dup/vec4;
    %pushi/vec4 8, 0, 5;
    %cmp/u;
    %jmp/1 T_1.8, 6;
    %dup/vec4;
    %pushi/vec4 9, 0, 5;
    %cmp/u;
    %jmp/1 T_1.9, 6;
    %dup/vec4;
    %pushi/vec4 10, 0, 5;
    %cmp/u;
    %jmp/1 T_1.10, 6;
    %dup/vec4;
    %pushi/vec4 11, 0, 5;
    %cmp/u;
    %jmp/1 T_1.11, 6;
    %dup/vec4;
    %pushi/vec4 12, 0, 5;
    %cmp/u;
    %jmp/1 T_1.12, 6;
    %dup/vec4;
    %pushi/vec4 13, 0, 5;
    %cmp/u;
    %jmp/1 T_1.13, 6;
    %dup/vec4;
    %pushi/vec4 14, 0, 5;
    %cmp/u;
    %jmp/1 T_1.14, 6;
    %dup/vec4;
    %pushi/vec4 15, 0, 5;
    %cmp/u;
    %jmp/1 T_1.15, 6;
    %dup/vec4;
    %pushi/vec4 16, 0, 5;
    %cmp/u;
    %jmp/1 T_1.16, 6;
    %dup/vec4;
    %pushi/vec4 17, 0, 5;
    %cmp/u;
    %jmp/1 T_1.17, 6;
    %dup/vec4;
    %pushi/vec4 18, 0, 5;
    %cmp/u;
    %jmp/1 T_1.18, 6;
    %dup/vec4;
    %pushi/vec4 19, 0, 5;
    %cmp/u;
    %jmp/1 T_1.19, 6;
    %dup/vec4;
    %pushi/vec4 20, 0, 5;
    %cmp/u;
    %jmp/1 T_1.20, 6;
    %dup/vec4;
    %pushi/vec4 21, 0, 5;
    %cmp/u;
    %jmp/1 T_1.21, 6;
    %dup/vec4;
    %pushi/vec4 22, 0, 5;
    %cmp/u;
    %jmp/1 T_1.22, 6;
    %dup/vec4;
    %pushi/vec4 23, 0, 5;
    %cmp/u;
    %jmp/1 T_1.23, 6;
    %dup/vec4;
    %pushi/vec4 24, 0, 5;
    %cmp/u;
    %jmp/1 T_1.24, 6;
    %dup/vec4;
    %pushi/vec4 25, 0, 5;
    %cmp/u;
    %jmp/1 T_1.25, 6;
    %dup/vec4;
    %pushi/vec4 26, 0, 5;
    %cmp/u;
    %jmp/1 T_1.26, 6;
    %pushi/vec4 524287, 0, 19;
    %store/vec4 v0x5648ab4bda70_0, 0, 19;
    %jmp T_1.28;
T_1.0 ;
    %pushi/vec4 33280, 0, 19;
    %store/vec4 v0x5648ab4bda70_0, 0, 19;
    %jmp T_1.28;
T_1.1 ;
    %pushi/vec4 32786, 0, 19;
    %store/vec4 v0x5648ab4bda70_0, 0, 19;
    %jmp T_1.28;
T_1.2 ;
    %pushi/vec4 427028, 0, 19;
    %store/vec4 v0x5648ab4bda70_0, 0, 19;
    %jmp T_1.28;
T_1.3 ;
    %pushi/vec4 410644, 0, 19;
    %store/vec4 v0x5648ab4bda70_0, 0, 19;
    %jmp T_1.28;
T_1.4 ;
    %pushi/vec4 65536, 0, 19;
    %store/vec4 v0x5648ab4bda70_0, 0, 19;
    %jmp T_1.28;
T_1.5 ;
    %pushi/vec4 41096, 0, 19;
    %store/vec4 v0x5648ab4bda70_0, 0, 19;
    %jmp T_1.28;
T_1.6 ;
    %pushi/vec4 32792, 0, 19;
    %store/vec4 v0x5648ab4bda70_0, 0, 19;
    %jmp T_1.28;
T_1.7 ;
    %pushi/vec4 32856, 0, 19;
    %store/vec4 v0x5648ab4bda70_0, 0, 19;
    %jmp T_1.28;
T_1.8 ;
    %pushi/vec4 33112, 0, 19;
    %store/vec4 v0x5648ab4bda70_0, 0, 19;
    %jmp T_1.28;
T_1.9 ;
    %pushi/vec4 32984, 0, 19;
    %store/vec4 v0x5648ab4bda70_0, 0, 19;
    %jmp T_1.28;
T_1.10 ;
    %pushi/vec4 33240, 0, 19;
    %store/vec4 v0x5648ab4bda70_0, 0, 19;
    %jmp T_1.28;
T_1.11 ;
    %pushi/vec4 33176, 0, 19;
    %store/vec4 v0x5648ab4bda70_0, 0, 19;
    %jmp T_1.28;
T_1.12 ;
    %pushi/vec4 32832, 0, 19;
    %store/vec4 v0x5648ab4bda70_0, 0, 19;
    %jmp T_1.28;
T_1.13 ;
    %pushi/vec4 37056, 0, 19;
    %store/vec4 v0x5648ab4bda70_0, 0, 19;
    %jmp T_1.28;
T_1.14 ;
    %pushi/vec4 18, 0, 19;
    %store/vec4 v0x5648ab4bda70_0, 0, 19;
    %jmp T_1.28;
T_1.15 ;
    %pushi/vec4 394260, 0, 19;
    %store/vec4 v0x5648ab4bda70_0, 0, 19;
    %jmp T_1.28;
T_1.16 ;
    %pushi/vec4 394268, 0, 19;
    %store/vec4 v0x5648ab4bda70_0, 0, 19;
    %jmp T_1.28;
T_1.17 ;
    %pushi/vec4 33288, 0, 19;
    %store/vec4 v0x5648ab4bda70_0, 0, 19;
    %jmp T_1.28;
T_1.18 ;
    %pushi/vec4 19, 0, 19;
    %store/vec4 v0x5648ab4bda70_0, 0, 19;
    %jmp T_1.28;
T_1.19 ;
    %pushi/vec4 393252, 0, 19;
    %store/vec4 v0x5648ab4bda70_0, 0, 19;
    %jmp T_1.28;
T_1.20 ;
    %pushi/vec4 393269, 0, 19;
    %store/vec4 v0x5648ab4bda70_0, 0, 19;
    %jmp T_1.28;
T_1.21 ;
    %pushi/vec4 32768, 0, 19;
    %store/vec4 v0x5648ab4bda70_0, 0, 19;
    %jmp T_1.28;
T_1.22 ;
    %pushi/vec4 32832, 0, 19;
    %store/vec4 v0x5648ab4bda70_0, 0, 19;
    %jmp T_1.28;
T_1.23 ;
    %pushi/vec4 1044, 0, 19;
    %store/vec4 v0x5648ab4bda70_0, 0, 19;
    %jmp T_1.28;
T_1.24 ;
    %pushi/vec4 1044, 0, 19;
    %store/vec4 v0x5648ab4bda70_0, 0, 19;
    %jmp T_1.28;
T_1.25 ;
    %pushi/vec4 36, 0, 19;
    %store/vec4 v0x5648ab4bda70_0, 0, 19;
    %jmp T_1.28;
T_1.26 ;
    %pushi/vec4 53, 0, 19;
    %store/vec4 v0x5648ab4bda70_0, 0, 19;
    %jmp T_1.28;
T_1.28 ;
    %pop/vec4 1;
    %jmp T_1;
    .thread T_1, $push;
    .scope S_0x5648ab4bdcb0;
T_2 ;
    %wait E_0x5648ab41efc0;
    %load/vec4 v0x5648ab4be190_0;
    %dup/vec4;
    %pushi/vec4 0, 0, 5;
    %cmp/u;
    %jmp/1 T_2.0, 6;
    %dup/vec4;
    %pushi/vec4 1, 0, 5;
    %cmp/u;
    %jmp/1 T_2.1, 6;
    %dup/vec4;
    %pushi/vec4 2, 0, 5;
    %cmp/u;
    %jmp/1 T_2.2, 6;
    %dup/vec4;
    %pushi/vec4 3, 0, 5;
    %cmp/u;
    %jmp/1 T_2.3, 6;
    %dup/vec4;
    %pushi/vec4 4, 0, 5;
    %cmp/u;
    %jmp/1 T_2.4, 6;
    %dup/vec4;
    %pushi/vec4 5, 0, 5;
    %cmp/u;
    %jmp/1 T_2.5, 6;
    %dup/vec4;
    %pushi/vec4 6, 0, 5;
    %cmp/u;
    %jmp/1 T_2.6, 6;
    %dup/vec4;
    %pushi/vec4 7, 0, 5;
    %cmp/u;
    %jmp/1 T_2.7, 6;
    %dup/vec4;
    %pushi/vec4 8, 0, 5;
    %cmp/u;
    %jmp/1 T_2.8, 6;
    %dup/vec4;
    %pushi/vec4 9, 0, 5;
    %cmp/u;
    %jmp/1 T_2.9, 6;
    %dup/vec4;
    %pushi/vec4 10, 0, 5;
    %cmp/u;
    %jmp/1 T_2.10, 6;
    %dup/vec4;
    %pushi/vec4 11, 0, 5;
    %cmp/u;
    %jmp/1 T_2.11, 6;
    %dup/vec4;
    %pushi/vec4 12, 0, 5;
    %cmp/u;
    %jmp/1 T_2.12, 6;
    %dup/vec4;
    %pushi/vec4 13, 0, 5;
    %cmp/u;
    %jmp/1 T_2.13, 6;
    %dup/vec4;
    %pushi/vec4 14, 0, 5;
    %cmp/u;
    %jmp/1 T_2.14, 6;
    %dup/vec4;
    %pushi/vec4 15, 0, 5;
    %cmp/u;
    %jmp/1 T_2.15, 6;
    %dup/vec4;
    %pushi/vec4 16, 0, 5;
    %cmp/u;
    %jmp/1 T_2.16, 6;
    %dup/vec4;
    %pushi/vec4 17, 0, 5;
    %cmp/u;
    %jmp/1 T_2.17, 6;
    %dup/vec4;
    %pushi/vec4 18, 0, 5;
    %cmp/u;
    %jmp/1 T_2.18, 6;
    %dup/vec4;
    %pushi/vec4 19, 0, 5;
    %cmp/u;
    %jmp/1 T_2.19, 6;
    %dup/vec4;
    %pushi/vec4 20, 0, 5;
    %cmp/u;
    %jmp/1 T_2.20, 6;
    %dup/vec4;
    %pushi/vec4 21, 0, 5;
    %cmp/u;
    %jmp/1 T_2.21, 6;
    %dup/vec4;
    %pushi/vec4 22, 0, 5;
    %cmp/u;
    %jmp/1 T_2.22, 6;
    %dup/vec4;
    %pushi/vec4 23, 0, 5;
    %cmp/u;
    %jmp/1 T_2.23, 6;
    %dup/vec4;
    %pushi/vec4 24, 0, 5;
    %cmp/u;
    %jmp/1 T_2.24, 6;
    %dup/vec4;
    %pushi/vec4 25, 0, 5;
    %cmp/u;
    %jmp/1 T_2.25, 6;
    %dup/vec4;
    %pushi/vec4 26, 0, 5;
    %cmp/u;
    %jmp/1 T_2.26, 6;
    %jmp T_2.27;
T_2.0 ;
    %pushi/vec4 1, 0, 5;
    %store/vec4 v0x5648ab4bdff0_0, 0, 5;
    %jmp T_2.27;
T_2.1 ;
    %pushi/vec4 2, 0, 5;
    %store/vec4 v0x5648ab4bdff0_0, 0, 5;
    %jmp T_2.27;
T_2.2 ;
    %pushi/vec4 3, 0, 5;
    %store/vec4 v0x5648ab4bdff0_0, 0, 5;
    %jmp T_2.27;
T_2.3 ;
    %load/vec4 v0x5648ab4bdf10_0;
    %flag_set/vec4 8;
    %jmp/0xz  T_2.28, 8;
    %pushi/vec4 4, 0, 5;
    %store/vec4 v0x5648ab4bdff0_0, 0, 5;
    %jmp T_2.29;
T_2.28 ;
    %pushi/vec4 3, 0, 5;
    %store/vec4 v0x5648ab4bdff0_0, 0, 5;
T_2.29 ;
    %jmp T_2.27;
T_2.4 ;
    %load/vec4 v0x5648ab4be0d0_0;
    %dup/vec4;
    %pushi/vec4 0, 0, 6;
    %cmp/u;
    %jmp/1 T_2.30, 6;
    %dup/vec4;
    %pushi/vec4 8, 0, 6;
    %cmp/u;
    %jmp/1 T_2.31, 6;
    %dup/vec4;
    %pushi/vec4 9, 0, 6;
    %cmp/u;
    %jmp/1 T_2.32, 6;
    %dup/vec4;
    %pushi/vec4 10, 0, 6;
    %cmp/u;
    %jmp/1 T_2.33, 6;
    %dup/vec4;
    %pushi/vec4 11, 0, 6;
    %cmp/u;
    %jmp/1 T_2.34, 6;
    %dup/vec4;
    %pushi/vec4 12, 0, 6;
    %cmp/u;
    %jmp/1 T_2.35, 6;
    %dup/vec4;
    %pushi/vec4 13, 0, 6;
    %cmp/u;
    %jmp/1 T_2.36, 6;
    %dup/vec4;
    %pushi/vec4 14, 0, 6;
    %cmp/u;
    %jmp/1 T_2.37, 6;
    %dup/vec4;
    %pushi/vec4 15, 0, 6;
    %cmp/u;
    %jmp/1 T_2.38, 6;
    %dup/vec4;
    %pushi/vec4 4, 0, 6;
    %cmp/u;
    %jmp/1 T_2.39, 6;
    %dup/vec4;
    %pushi/vec4 1, 0, 6;
    %cmp/u;
    %jmp/1 T_2.40, 6;
    %dup/vec4;
    %pushi/vec4 7, 0, 6;
    %cmp/u;
    %jmp/1 T_2.41, 6;
    %dup/vec4;
    %pushi/vec4 6, 0, 6;
    %cmp/u;
    %jmp/1 T_2.42, 6;
    %dup/vec4;
    %pushi/vec4 5, 0, 6;
    %cmp/u;
    %jmp/1 T_2.43, 6;
    %dup/vec4;
    %pushi/vec4 2, 0, 6;
    %cmp/u;
    %jmp/1 T_2.44, 6;
    %dup/vec4;
    %pushi/vec4 3, 0, 6;
    %cmp/u;
    %jmp/1 T_2.45, 6;
    %dup/vec4;
    %pushi/vec4 35, 0, 6;
    %cmp/u;
    %jmp/1 T_2.46, 6;
    %dup/vec4;
    %pushi/vec4 33, 0, 6;
    %cmp/u;
    %jmp/1 T_2.47, 6;
    %dup/vec4;
    %pushi/vec4 37, 0, 6;
    %cmp/u;
    %jmp/1 T_2.48, 6;
    %dup/vec4;
    %pushi/vec4 32, 0, 6;
    %cmp/u;
    %jmp/1 T_2.49, 6;
    %dup/vec4;
    %pushi/vec4 36, 0, 6;
    %cmp/u;
    %jmp/1 T_2.50, 6;
    %dup/vec4;
    %pushi/vec4 63, 0, 6;
    %cmp/u;
    %jmp/1 T_2.51, 6;
    %dup/vec4;
    %pushi/vec4 43, 0, 6;
    %cmp/u;
    %jmp/1 T_2.52, 6;
    %dup/vec4;
    %pushi/vec4 41, 0, 6;
    %cmp/u;
    %jmp/1 T_2.53, 6;
    %dup/vec4;
    %pushi/vec4 40, 0, 6;
    %cmp/u;
    %jmp/1 T_2.54, 6;
    %jmp T_2.55;
T_2.30 ;
    %pushi/vec4 5, 0, 5;
    %store/vec4 v0x5648ab4bdff0_0, 0, 5;
    %jmp T_2.55;
T_2.31 ;
    %pushi/vec4 6, 0, 5;
    %store/vec4 v0x5648ab4bdff0_0, 0, 5;
    %jmp T_2.55;
T_2.32 ;
    %pushi/vec4 6, 0, 5;
    %store/vec4 v0x5648ab4bdff0_0, 0, 5;
    %jmp T_2.55;
T_2.33 ;
    %pushi/vec4 7, 0, 5;
    %store/vec4 v0x5648ab4bdff0_0, 0, 5;
    %jmp T_2.55;
T_2.34 ;
    %pushi/vec4 7, 0, 5;
    %store/vec4 v0x5648ab4bdff0_0, 0, 5;
    %jmp T_2.55;
T_2.35 ;
    %pushi/vec4 8, 0, 5;
    %store/vec4 v0x5648ab4bdff0_0, 0, 5;
    %jmp T_2.55;
T_2.36 ;
    %pushi/vec4 9, 0, 5;
    %store/vec4 v0x5648ab4bdff0_0, 0, 5;
    %jmp T_2.55;
T_2.37 ;
    %pushi/vec4 10, 0, 5;
    %store/vec4 v0x5648ab4bdff0_0, 0, 5;
    %jmp T_2.55;
T_2.38 ;
    %pushi/vec4 11, 0, 5;
    %store/vec4 v0x5648ab4bdff0_0, 0, 5;
    %jmp T_2.55;
T_2.39 ;
    %pushi/vec4 12, 0, 5;
    %store/vec4 v0x5648ab4bdff0_0, 0, 5;
    %jmp T_2.55;
T_2.40 ;
    %pushi/vec4 12, 0, 5;
    %store/vec4 v0x5648ab4bdff0_0, 0, 5;
    %jmp T_2.55;
T_2.41 ;
    %pushi/vec4 12, 0, 5;
    %store/vec4 v0x5648ab4bdff0_0, 0, 5;
    %jmp T_2.55;
T_2.42 ;
    %pushi/vec4 12, 0, 5;
    %store/vec4 v0x5648ab4bdff0_0, 0, 5;
    %jmp T_2.55;
T_2.43 ;
    %pushi/vec4 12, 0, 5;
    %store/vec4 v0x5648ab4bdff0_0, 0, 5;
    %jmp T_2.55;
T_2.44 ;
    %pushi/vec4 13, 0, 5;
    %store/vec4 v0x5648ab4bdff0_0, 0, 5;
    %jmp T_2.55;
T_2.45 ;
    %pushi/vec4 13, 0, 5;
    %store/vec4 v0x5648ab4bdff0_0, 0, 5;
    %jmp T_2.55;
T_2.46 ;
    %pushi/vec4 14, 0, 5;
    %store/vec4 v0x5648ab4bdff0_0, 0, 5;
    %jmp T_2.55;
T_2.47 ;
    %pushi/vec4 14, 0, 5;
    %store/vec4 v0x5648ab4bdff0_0, 0, 5;
    %jmp T_2.55;
T_2.48 ;
    %pushi/vec4 14, 0, 5;
    %store/vec4 v0x5648ab4bdff0_0, 0, 5;
    %jmp T_2.55;
T_2.49 ;
    %pushi/vec4 14, 0, 5;
    %store/vec4 v0x5648ab4bdff0_0, 0, 5;
    %jmp T_2.55;
T_2.50 ;
    %pushi/vec4 14, 0, 5;
    %store/vec4 v0x5648ab4bdff0_0, 0, 5;
    %jmp T_2.55;
T_2.51 ;
    %pushi/vec4 18, 0, 5;
    %store/vec4 v0x5648ab4bdff0_0, 0, 5;
    %jmp T_2.55;
T_2.52 ;
    %pushi/vec4 18, 0, 5;
    %store/vec4 v0x5648ab4bdff0_0, 0, 5;
    %jmp T_2.55;
T_2.53 ;
    %pushi/vec4 18, 0, 5;
    %store/vec4 v0x5648ab4bdff0_0, 0, 5;
    %jmp T_2.55;
T_2.54 ;
    %pushi/vec4 18, 0, 5;
    %store/vec4 v0x5648ab4bdff0_0, 0, 5;
    %jmp T_2.55;
T_2.55 ;
    %pop/vec4 1;
    %jmp T_2.27;
T_2.5 ;
    %pushi/vec4 1, 0, 5;
    %store/vec4 v0x5648ab4bdff0_0, 0, 5;
    %jmp T_2.27;
T_2.6 ;
    %pushi/vec4 1, 0, 5;
    %store/vec4 v0x5648ab4bdff0_0, 0, 5;
    %jmp T_2.27;
T_2.7 ;
    %pushi/vec4 1, 0, 5;
    %store/vec4 v0x5648ab4bdff0_0, 0, 5;
    %jmp T_2.27;
T_2.8 ;
    %pushi/vec4 1, 0, 5;
    %store/vec4 v0x5648ab4bdff0_0, 0, 5;
    %jmp T_2.27;
T_2.9 ;
    %pushi/vec4 1, 0, 5;
    %store/vec4 v0x5648ab4bdff0_0, 0, 5;
    %jmp T_2.27;
T_2.10 ;
    %pushi/vec4 1, 0, 5;
    %store/vec4 v0x5648ab4bdff0_0, 0, 5;
    %jmp T_2.27;
T_2.11 ;
    %pushi/vec4 1, 0, 5;
    %store/vec4 v0x5648ab4bdff0_0, 0, 5;
    %jmp T_2.27;
T_2.12 ;
    %pushi/vec4 22, 0, 5;
    %store/vec4 v0x5648ab4bdff0_0, 0, 5;
    %jmp T_2.27;
T_2.13 ;
    %pushi/vec4 1, 0, 5;
    %store/vec4 v0x5648ab4bdff0_0, 0, 5;
    %jmp T_2.27;
T_2.14 ;
    %load/vec4 v0x5648ab4be0d0_0;
    %dup/vec4;
    %pushi/vec4 35, 0, 6;
    %cmp/u;
    %jmp/1 T_2.56, 6;
    %dup/vec4;
    %pushi/vec4 33, 0, 6;
    %cmp/u;
    %jmp/1 T_2.57, 6;
    %dup/vec4;
    %pushi/vec4 37, 0, 6;
    %cmp/u;
    %jmp/1 T_2.58, 6;
    %dup/vec4;
    %pushi/vec4 32, 0, 6;
    %cmp/u;
    %jmp/1 T_2.59, 6;
    %dup/vec4;
    %pushi/vec4 36, 0, 6;
    %cmp/u;
    %jmp/1 T_2.60, 6;
    %jmp T_2.61;
T_2.56 ;
    %pushi/vec4 15, 0, 5;
    %store/vec4 v0x5648ab4bdff0_0, 0, 5;
    %jmp T_2.61;
T_2.57 ;
    %pushi/vec4 15, 0, 5;
    %store/vec4 v0x5648ab4bdff0_0, 0, 5;
    %jmp T_2.61;
T_2.58 ;
    %pushi/vec4 15, 0, 5;
    %store/vec4 v0x5648ab4bdff0_0, 0, 5;
    %jmp T_2.61;
T_2.59 ;
    %pushi/vec4 23, 0, 5;
    %store/vec4 v0x5648ab4bdff0_0, 0, 5;
    %jmp T_2.61;
T_2.60 ;
    %pushi/vec4 23, 0, 5;
    %store/vec4 v0x5648ab4bdff0_0, 0, 5;
    %jmp T_2.61;
T_2.61 ;
    %pop/vec4 1;
    %jmp T_2.27;
T_2.15 ;
    %pushi/vec4 16, 0, 5;
    %store/vec4 v0x5648ab4bdff0_0, 0, 5;
    %jmp T_2.27;
T_2.16 ;
    %load/vec4 v0x5648ab4bdf10_0;
    %flag_set/vec4 8;
    %jmp/0xz  T_2.62, 8;
    %pushi/vec4 17, 0, 5;
    %store/vec4 v0x5648ab4bdff0_0, 0, 5;
    %jmp T_2.63;
T_2.62 ;
    %pushi/vec4 16, 0, 5;
    %store/vec4 v0x5648ab4bdff0_0, 0, 5;
T_2.63 ;
    %jmp T_2.27;
T_2.17 ;
    %pushi/vec4 1, 0, 5;
    %store/vec4 v0x5648ab4bdff0_0, 0, 5;
    %jmp T_2.27;
T_2.18 ;
    %load/vec4 v0x5648ab4be0d0_0;
    %dup/vec4;
    %pushi/vec4 63, 0, 6;
    %cmp/u;
    %jmp/1 T_2.64, 6;
    %dup/vec4;
    %pushi/vec4 43, 0, 6;
    %cmp/u;
    %jmp/1 T_2.65, 6;
    %dup/vec4;
    %pushi/vec4 41, 0, 6;
    %cmp/u;
    %jmp/1 T_2.66, 6;
    %dup/vec4;
    %pushi/vec4 40, 0, 6;
    %cmp/u;
    %jmp/1 T_2.67, 6;
    %jmp T_2.68;
T_2.64 ;
    %pushi/vec4 19, 0, 5;
    %store/vec4 v0x5648ab4bdff0_0, 0, 5;
    %jmp T_2.68;
T_2.65 ;
    %pushi/vec4 19, 0, 5;
    %store/vec4 v0x5648ab4bdff0_0, 0, 5;
    %jmp T_2.68;
T_2.66 ;
    %pushi/vec4 19, 0, 5;
    %store/vec4 v0x5648ab4bdff0_0, 0, 5;
    %jmp T_2.68;
T_2.67 ;
    %pushi/vec4 25, 0, 5;
    %store/vec4 v0x5648ab4bdff0_0, 0, 5;
    %jmp T_2.68;
T_2.68 ;
    %pop/vec4 1;
    %jmp T_2.27;
T_2.19 ;
    %pushi/vec4 20, 0, 5;
    %store/vec4 v0x5648ab4bdff0_0, 0, 5;
    %jmp T_2.27;
T_2.20 ;
    %load/vec4 v0x5648ab4bdf10_0;
    %flag_set/vec4 8;
    %jmp/0xz  T_2.69, 8;
    %pushi/vec4 21, 0, 5;
    %store/vec4 v0x5648ab4bdff0_0, 0, 5;
    %jmp T_2.70;
T_2.69 ;
    %pushi/vec4 20, 0, 5;
    %store/vec4 v0x5648ab4bdff0_0, 0, 5;
T_2.70 ;
    %jmp T_2.27;
T_2.21 ;
    %pushi/vec4 1, 0, 5;
    %store/vec4 v0x5648ab4bdff0_0, 0, 5;
    %jmp T_2.27;
T_2.22 ;
    %pushi/vec4 1, 0, 5;
    %store/vec4 v0x5648ab4bdff0_0, 0, 5;
    %jmp T_2.27;
T_2.23 ;
    %pushi/vec4 24, 0, 5;
    %store/vec4 v0x5648ab4bdff0_0, 0, 5;
    %jmp T_2.27;
T_2.24 ;
    %load/vec4 v0x5648ab4bdf10_0;
    %flag_set/vec4 8;
    %jmp/0xz  T_2.71, 8;
    %pushi/vec4 17, 0, 5;
    %store/vec4 v0x5648ab4bdff0_0, 0, 5;
    %jmp T_2.72;
T_2.71 ;
    %pushi/vec4 24, 0, 5;
    %store/vec4 v0x5648ab4bdff0_0, 0, 5;
T_2.72 ;
    %jmp T_2.27;
T_2.25 ;
    %pushi/vec4 26, 0, 5;
    %store/vec4 v0x5648ab4bdff0_0, 0, 5;
    %jmp T_2.27;
T_2.26 ;
    %load/vec4 v0x5648ab4bdf10_0;
    %flag_set/vec4 8;
    %jmp/0xz  T_2.73, 8;
    %pushi/vec4 21, 0, 5;
    %store/vec4 v0x5648ab4bdff0_0, 0, 5;
    %jmp T_2.74;
T_2.73 ;
    %pushi/vec4 26, 0, 5;
    %store/vec4 v0x5648ab4bdff0_0, 0, 5;
T_2.74 ;
    %jmp T_2.27;
T_2.27 ;
    %pop/vec4 1;
    %jmp T_2;
    .thread T_2, $push;
    .scope S_0x5648ab4804e0;
T_3 ;
    %wait E_0x5648ab4a9130;
    %load/vec4 v0x5648ab4bf310_0;
    %flag_set/vec4 8;
    %jmp/0xz  T_3.0, 8;
    %load/vec4 v0x5648ab4bf3b0_0;
    %store/vec4 v0x5648ab4bf230_0, 0, 32;
    %jmp T_3.1;
T_3.0 ;
    %load/vec4 v0x5648ab4bf130_0;
    %store/vec4 v0x5648ab4bf230_0, 0, 32;
T_3.1 ;
    %jmp T_3;
    .thread T_3, $push;
    .scope S_0x5648ab4c55f0;
T_4 ;
    %pushi/vec4 0, 0, 9;
    %store/vec4 v0x5648ab4c59b0_0, 0, 9;
    %end;
    .thread T_4;
    .scope S_0x5648ab4c55f0;
T_5 ;
    %wait E_0x5648ab4bfab0;
    %load/vec4 v0x5648ab4c58f0_0;
    %load/vec4 v0x5648ab4c5830_0;
    %and;
    %flag_set/vec4 8;
    %jmp/0xz  T_5.0, 8;
    %load/vec4 v0x5648ab4c59b0_0;
    %addi 4, 0, 9;
    %store/vec4 v0x5648ab4c59b0_0, 0, 9;
    %vpi_call 2 144 "$display", "PROGRAM COUNTER ----------> %b", v0x5648ab4c59b0_0 {0 0 0};
T_5.0 ;
    %jmp T_5;
    .thread T_5;
    .scope S_0x5648ab4c3c60;
T_6 ;
    %pushi/vec4 0, 0, 32;
    %store/vec4 v0x5648ab4c4110_0, 0, 32;
    %end;
    .thread T_6;
    .scope S_0x5648ab4c3c60;
T_7 ;
    %wait E_0x5648ab4bfab0;
    %load/vec4 v0x5648ab4c4040_0;
    %load/vec4 v0x5648ab4c3ea0_0;
    %and;
    %flag_set/vec4 8;
    %jmp/0xz  T_7.0, 8;
    %load/vec4 v0x5648ab4c3f60_0;
    %assign/vec4 v0x5648ab4c4110_0, 0;
T_7.0 ;
    %jmp T_7;
    .thread T_7;
    .scope S_0x5648ab4c42a0;
T_8 ;
    %pushi/vec4 0, 0, 9;
    %store/vec4 v0x5648ab4c4750_0, 0, 9;
    %end;
    .thread T_8;
    .scope S_0x5648ab4c42a0;
T_9 ;
    %wait E_0x5648ab4bfab0;
    %load/vec4 v0x5648ab4c4680_0;
    %flag_set/vec4 8;
    %jmp/0xz  T_9.0, 8;
    %load/vec4 v0x5648ab4c45a0_0;
    %assign/vec4 v0x5648ab4c4750_0, 0;
    %vpi_call 2 208 "$display", "MAR ----------> %d", v0x5648ab4c4750_0 {0 0 0};
T_9.0 ;
    %jmp T_9;
    .thread T_9;
    .scope S_0x5648ab4c48e0;
T_10 ;
    %wait E_0x5648ab4c4ad0;
    %load/vec4 v0x5648ab4c4e00_0;
    %load/vec4 v0x5648ab4c4b50_0;
    %cmpi/u 511, 0, 32;
    %flag_get/vec4 4;
    %flag_get/vec4 5;
    %or;
    %and;
    %flag_set/vec4 8;
    %jmp/0xz  T_10.0, 8;
    %load/vec4 v0x5648ab4c4b50_0;
    %parti/s 9, 0, 2;
    %store/vec4 v0x5648ab4c4c60_0, 0, 9;
    %jmp T_10.1;
T_10.0 ;
    %load/vec4 v0x5648ab4c4d30_0;
    %store/vec4 v0x5648ab4c4c60_0, 0, 9;
T_10.1 ;
    %jmp T_10;
    .thread T_10, $push;
    .scope S_0x5648ab4c4f70;
T_11 ;
    %wait E_0x5648ab4bfab0;
    %load/vec4 v0x5648ab4c53c0_0;
    %flag_set/vec4 8;
    %jmp/0xz  T_11.0, 8;
    %load/vec4 v0x5648ab4c5300_0;
    %assign/vec4 v0x5648ab4c5460_0, 0;
T_11.0 ;
    %jmp T_11;
    .thread T_11;
    .scope S_0x5648ab4c5ae0;
T_12 ;
    %vpi_func 2 245 "$fopen" 32, "testcode.txt", "r" {0 0 0};
    %store/vec4 v0x5648ab4c6730_0, 0, 32;
    %pushi/vec4 0, 0, 9;
    %store/vec4 v0x5648ab4c6810_0, 0, 9;
T_12.0 ;
    %vpi_func 2 248 "$feof" 32, v0x5648ab4c6730_0 {0 0 0};
    %nor/r;
    %flag_set/vec4 8;
    %jmp/0xz T_12.1, 8;
    %vpi_func 2 249 "$fscanf" 32, v0x5648ab4c6730_0, "%b", v0x5648ab4c6650_0 {0 0 0};
    %store/vec4 v0x5648ab4c64e0_0, 0, 32;
    %load/vec4 v0x5648ab4c6650_0;
    %pad/u 8;
    %load/vec4 v0x5648ab4c6810_0;
    %pad/u 11;
    %ix/vec4 4;
    %store/vec4a v0x5648ab4c62c0, 4, 0;
    %load/vec4 v0x5648ab4c6810_0;
    %pad/u 11;
    %ix/vec4 4;
    %load/vec4a v0x5648ab4c62c0, 4;
    %store/vec4 v0x5648ab4c68f0_0, 0, 8;
    %load/vec4 v0x5648ab4c6810_0;
    %addi 1, 0, 9;
    %store/vec4 v0x5648ab4c6810_0, 0, 9;
    %jmp T_12.0;
T_12.1 ;
    %vpi_call 2 256 "$fclose", v0x5648ab4c6730_0 {0 0 0};
    %pushi/vec4 1, 0, 1;
    %store/vec4 v0x5648ab4c60e0_0, 0, 1;
    %end;
    .thread T_12;
    .scope S_0x5648ab4c5ae0;
T_13 ;
    %wait E_0x5648ab4c5da0;
    %load/vec4 v0x5648ab4c61d0_0;
    %flag_set/vec4 8;
    %jmp/0xz  T_13.0, 8;
    %load/vec4 v0x5648ab4c6360_0;
    %flag_set/vec4 8;
    %jmp/0xz  T_13.2, 8;
    %load/vec4 v0x5648ab4c5e00_0;
    %pad/u 11;
    %ix/vec4 4;
    %load/vec4a v0x5648ab4c62c0, 4;
    %load/vec4 v0x5648ab4c5e00_0;
    %pad/u 33;
    %addi 1, 0, 33;
    %ix/vec4 4;
    %load/vec4a v0x5648ab4c62c0, 4;
    %concat/vec4; draw_concat_vec4
    %load/vec4 v0x5648ab4c5e00_0;
    %pad/u 33;
    %addi 2, 0, 33;
    %ix/vec4 4;
    %load/vec4a v0x5648ab4c62c0, 4;
    %concat/vec4; draw_concat_vec4
    %load/vec4 v0x5648ab4c5e00_0;
    %pad/u 33;
    %addi 3, 0, 33;
    %ix/vec4 4;
    %load/vec4a v0x5648ab4c62c0, 4;
    %concat/vec4; draw_concat_vec4
    %store/vec4 v0x5648ab4c5fe0_0, 0, 32;
    %pushi/vec4 1, 0, 1;
    %store/vec4 v0x5648ab4c60e0_0, 0, 1;
T_13.2 ;
    %load/vec4 v0x5648ab4c6420_0;
    %flag_set/vec4 8;
    %jmp/0xz  T_13.4, 8;
    %load/vec4 v0x5648ab4c5f10_0;
    %parti/s 8, 24, 6;
    %load/vec4 v0x5648ab4c5e00_0;
    %pad/u 11;
    %ix/vec4 4;
    %store/vec4a v0x5648ab4c62c0, 4, 0;
    %load/vec4 v0x5648ab4c5f10_0;
    %parti/s 8, 16, 6;
    %load/vec4 v0x5648ab4c5e00_0;
    %pad/u 33;
    %addi 1, 0, 33;
    %ix/vec4 4;
    %store/vec4a v0x5648ab4c62c0, 4, 0;
    %load/vec4 v0x5648ab4c5f10_0;
    %parti/s 8, 8, 5;
    %load/vec4 v0x5648ab4c5e00_0;
    %pad/u 33;
    %addi 2, 0, 33;
    %ix/vec4 4;
    %store/vec4a v0x5648ab4c62c0, 4, 0;
    %load/vec4 v0x5648ab4c5f10_0;
    %parti/s 8, 0, 2;
    %load/vec4 v0x5648ab4c5e00_0;
    %pad/u 33;
    %addi 3, 0, 33;
    %ix/vec4 4;
    %store/vec4a v0x5648ab4c62c0, 4, 0;
    %delay 1, 0;
    %load/vec4 v0x5648ab4c5e00_0;
    %pad/u 11;
    %ix/vec4 4;
    %load/vec4a v0x5648ab4c62c0, 4;
    %pad/u 32;
    %store/vec4 v0x5648ab4c5fe0_0, 0, 32;
    %pushi/vec4 1, 0, 1;
    %store/vec4 v0x5648ab4c60e0_0, 0, 1;
T_13.4 ;
T_13.0 ;
    %jmp T_13;
    .thread T_13;
    .scope S_0x5648ab4c74b0;
T_14 ;
    %wait E_0x5648ab4c5cb0;
    %load/vec4 v0x5648ab4c7af0_0;
    %dup/vec4;
    %pushi/vec4 0, 0, 2;
    %cmp/u;
    %jmp/1 T_14.0, 6;
    %dup/vec4;
    %pushi/vec4 1, 0, 2;
    %cmp/u;
    %jmp/1 T_14.1, 6;
    %dup/vec4;
    %pushi/vec4 2, 0, 2;
    %cmp/u;
    %jmp/1 T_14.2, 6;
    %jmp T_14.3;
T_14.0 ;
    %load/vec4 v0x5648ab4c76f0_0;
    %store/vec4 v0x5648ab4c7820_0, 0, 32;
    %jmp T_14.3;
T_14.1 ;
    %pushi/vec4 0, 0, 23;
    %load/vec4 v0x5648ab4c7a00_0;
    %concat/vec4; draw_concat_vec4
    %addi 8, 0, 32;
    %store/vec4 v0x5648ab4c7820_0, 0, 32;
    %jmp T_14.3;
T_14.2 ;
    %load/vec4 v0x5648ab4c78e0_0;
    %store/vec4 v0x5648ab4c7820_0, 0, 32;
    %jmp T_14.3;
T_14.3 ;
    %pop/vec4 1;
    %jmp T_14;
    .thread T_14, $push;
    .scope S_0x5648ab4c7cc0;
T_15 ;
    %wait E_0x5648ab4c7f00;
    %load/vec4 v0x5648ab4c8140_0;
    %dup/vec4;
    %pushi/vec4 0, 0, 2;
    %cmp/u;
    %jmp/1 T_15.0, 6;
    %jmp T_15.1;
T_15.0 ;
    %load/vec4 v0x5648ab4c7f80_0;
    %store/vec4 v0x5648ab4c8080_0, 0, 5;
    %jmp T_15.1;
T_15.1 ;
    %pop/vec4 1;
    %jmp T_15;
    .thread T_15, $push;
    .scope S_0x5648ab4c6af0;
T_16 ;
    %wait E_0x5648ab4c6d20;
    %load/vec4 v0x5648ab4c72d0_0;
    %dup/vec4;
    %pushi/vec4 3, 0, 3;
    %cmp/u;
    %jmp/1 T_16.0, 6;
    %dup/vec4;
    %pushi/vec4 4, 0, 3;
    %cmp/u;
    %jmp/1 T_16.1, 6;
    %jmp T_16.2;
T_16.0 ;
    %load/vec4 v0x5648ab4c6ea0_0;
    %store/vec4 v0x5648ab4c7210_0, 0, 5;
    %jmp T_16.2;
T_16.1 ;
    %load/vec4 v0x5648ab4c6f80_0;
    %store/vec4 v0x5648ab4c7210_0, 0, 5;
    %jmp T_16.2;
T_16.2 ;
    %pop/vec4 1;
    %jmp T_16;
    .thread T_16, $push;
    .scope S_0x5648ab4bf7a0;
T_17 ;
    %pushi/vec4 0, 0, 32;
    %ix/load 4, 0, 0;
    %flag_set/imm 4, 0;
    %store/vec4a v0x5648ab4c0180, 4, 0;
    %pushi/vec4 0, 0, 32;
    %ix/load 4, 1, 0;
    %flag_set/imm 4, 0;
    %store/vec4a v0x5648ab4c0180, 4, 0;
    %pushi/vec4 0, 0, 32;
    %ix/load 4, 2, 0;
    %flag_set/imm 4, 0;
    %store/vec4a v0x5648ab4c0180, 4, 0;
    %pushi/vec4 0, 0, 32;
    %ix/load 4, 3, 0;
    %flag_set/imm 4, 0;
    %store/vec4a v0x5648ab4c0180, 4, 0;
    %pushi/vec4 0, 0, 32;
    %ix/load 4, 4, 0;
    %flag_set/imm 4, 0;
    %store/vec4a v0x5648ab4c0180, 4, 0;
    %pushi/vec4 0, 0, 32;
    %ix/load 4, 5, 0;
    %flag_set/imm 4, 0;
    %store/vec4a v0x5648ab4c0180, 4, 0;
    %pushi/vec4 0, 0, 32;
    %ix/load 4, 6, 0;
    %flag_set/imm 4, 0;
    %store/vec4a v0x5648ab4c0180, 4, 0;
    %pushi/vec4 0, 0, 32;
    %ix/load 4, 7, 0;
    %flag_set/imm 4, 0;
    %store/vec4a v0x5648ab4c0180, 4, 0;
    %pushi/vec4 0, 0, 32;
    %ix/load 4, 8, 0;
    %flag_set/imm 4, 0;
    %store/vec4a v0x5648ab4c0180, 4, 0;
    %pushi/vec4 268435458, 0, 32;
    %ix/load 4, 9, 0;
    %flag_set/imm 4, 0;
    %store/vec4a v0x5648ab4c0180, 4, 0;
    %pushi/vec4 0, 0, 32;
    %ix/load 4, 10, 0;
    %flag_set/imm 4, 0;
    %store/vec4a v0x5648ab4c0180, 4, 0;
    %pushi/vec4 0, 0, 32;
    %ix/load 4, 11, 0;
    %flag_set/imm 4, 0;
    %store/vec4a v0x5648ab4c0180, 4, 0;
    %pushi/vec4 0, 0, 32;
    %ix/load 4, 12, 0;
    %flag_set/imm 4, 0;
    %store/vec4a v0x5648ab4c0180, 4, 0;
    %pushi/vec4 0, 0, 32;
    %ix/load 4, 13, 0;
    %flag_set/imm 4, 0;
    %store/vec4a v0x5648ab4c0180, 4, 0;
    %pushi/vec4 0, 0, 32;
    %ix/load 4, 14, 0;
    %flag_set/imm 4, 0;
    %store/vec4a v0x5648ab4c0180, 4, 0;
    %pushi/vec4 0, 0, 32;
    %ix/load 4, 15, 0;
    %flag_set/imm 4, 0;
    %store/vec4a v0x5648ab4c0180, 4, 0;
    %pushi/vec4 0, 0, 32;
    %ix/load 4, 16, 0;
    %flag_set/imm 4, 0;
    %store/vec4a v0x5648ab4c0180, 4, 0;
    %pushi/vec4 0, 0, 32;
    %ix/load 4, 17, 0;
    %flag_set/imm 4, 0;
    %store/vec4a v0x5648ab4c0180, 4, 0;
    %pushi/vec4 0, 0, 32;
    %ix/load 4, 18, 0;
    %flag_set/imm 4, 0;
    %store/vec4a v0x5648ab4c0180, 4, 0;
    %pushi/vec4 0, 0, 32;
    %ix/load 4, 19, 0;
    %flag_set/imm 4, 0;
    %store/vec4a v0x5648ab4c0180, 4, 0;
    %pushi/vec4 0, 0, 32;
    %ix/load 4, 20, 0;
    %flag_set/imm 4, 0;
    %store/vec4a v0x5648ab4c0180, 4, 0;
    %pushi/vec4 0, 0, 32;
    %ix/load 4, 21, 0;
    %flag_set/imm 4, 0;
    %store/vec4a v0x5648ab4c0180, 4, 0;
    %pushi/vec4 0, 0, 32;
    %ix/load 4, 22, 0;
    %flag_set/imm 4, 0;
    %store/vec4a v0x5648ab4c0180, 4, 0;
    %pushi/vec4 0, 0, 32;
    %ix/load 4, 23, 0;
    %flag_set/imm 4, 0;
    %store/vec4a v0x5648ab4c0180, 4, 0;
    %pushi/vec4 0, 0, 32;
    %ix/load 4, 24, 0;
    %flag_set/imm 4, 0;
    %store/vec4a v0x5648ab4c0180, 4, 0;
    %pushi/vec4 0, 0, 32;
    %ix/load 4, 25, 0;
    %flag_set/imm 4, 0;
    %store/vec4a v0x5648ab4c0180, 4, 0;
    %pushi/vec4 0, 0, 32;
    %ix/load 4, 26, 0;
    %flag_set/imm 4, 0;
    %store/vec4a v0x5648ab4c0180, 4, 0;
    %pushi/vec4 0, 0, 32;
    %ix/load 4, 27, 0;
    %flag_set/imm 4, 0;
    %store/vec4a v0x5648ab4c0180, 4, 0;
    %pushi/vec4 0, 0, 32;
    %ix/load 4, 18, 0;
    %flag_set/imm 4, 0;
    %store/vec4a v0x5648ab4c0180, 4, 0;
    %pushi/vec4 0, 0, 32;
    %ix/load 4, 19, 0;
    %flag_set/imm 4, 0;
    %store/vec4a v0x5648ab4c0180, 4, 0;
    %pushi/vec4 0, 0, 32;
    %ix/load 4, 30, 0;
    %flag_set/imm 4, 0;
    %store/vec4a v0x5648ab4c0180, 4, 0;
    %pushi/vec4 0, 0, 32;
    %ix/load 4, 31, 0;
    %flag_set/imm 4, 0;
    %store/vec4a v0x5648ab4c0180, 4, 0;
    %end;
    .thread T_17;
    .scope S_0x5648ab4bf7a0;
T_18 ;
    %wait E_0x5648ab4bfab0;
    %load/vec4 v0x5648ab4c0240_0;
    %flag_set/vec4 8;
    %jmp/0xz  T_18.0, 8;
    %load/vec4 v0x5648ab4bfdb0_0;
    %load/vec4 v0x5648ab4bfe90_0;
    %pad/u 7;
    %ix/vec4 4;
    %store/vec4a v0x5648ab4c0180, 4, 0;
    %load/vec4 v0x5648ab4bfe90_0;
    %inv;
    %cmpi/ne 0, 0, 5;
    %jmp/0xz  T_18.2, 4;
    %pushi/vec4 0, 0, 32;
    %load/vec4 v0x5648ab4bfe90_0;
    %pad/u 7;
    %ix/vec4 4;
    %store/vec4a v0x5648ab4c0180, 4, 0;
T_18.2 ;
T_18.0 ;
    %load/vec4 v0x5648ab4bffc0_0;
    %pad/u 7;
    %ix/vec4 4;
    %load/vec4a v0x5648ab4c0180, 4;
    %store/vec4 v0x5648ab4bfb30_0, 0, 32;
    %load/vec4 v0x5648ab4c00a0_0;
    %pad/u 7;
    %ix/vec4 4;
    %load/vec4a v0x5648ab4c0180, 4;
    %store/vec4 v0x5648ab4bfc30_0, 0, 32;
    %jmp T_18;
    .thread T_18;
    .scope S_0x5648ab4c1880;
T_19 ;
    %wait E_0x5648ab4c1a50;
    %load/vec4 v0x5648ab4c1ad0_0;
    %dup/vec4;
    %pushi/vec4 0, 0, 2;
    %cmp/u;
    %jmp/1 T_19.0, 6;
    %dup/vec4;
    %pushi/vec4 1, 0, 2;
    %cmp/u;
    %jmp/1 T_19.1, 6;
    %dup/vec4;
    %pushi/vec4 2, 0, 2;
    %cmp/u;
    %jmp/1 T_19.2, 6;
    %jmp T_19.3;
T_19.0 ;
    %load/vec4 v0x5648ab4c1cc0_0;
    %store/vec4 v0x5648ab4c1bd0_0, 0, 32;
    %jmp T_19.3;
T_19.1 ;
    %load/vec4 v0x5648ab4c1e80_0;
    %pad/u 32;
    %store/vec4 v0x5648ab4c1bd0_0, 0, 32;
    %jmp T_19.3;
T_19.2 ;
    %load/vec4 v0x5648ab4c1d90_0;
    %store/vec4 v0x5648ab4c1bd0_0, 0, 32;
    %jmp T_19.3;
T_19.3 ;
    %pop/vec4 1;
    %jmp T_19;
    .thread T_19, $push;
    .scope S_0x5648ab4c8260;
T_20 ;
    %wait E_0x5648ab4c8470;
    %load/vec4 v0x5648ab4c84f0_0;
    %parti/s 1, 15, 5;
    %flag_set/vec4 8;
    %jmp/0xz  T_20.0, 8;
    %pushi/vec4 65535, 0, 16;
    %load/vec4 v0x5648ab4c84f0_0;
    %concat/vec4; draw_concat_vec4
    %store/vec4 v0x5648ab4c85f0_0, 0, 32;
    %jmp T_20.1;
T_20.0 ;
    %pushi/vec4 0, 0, 16;
    %load/vec4 v0x5648ab4c84f0_0;
    %concat/vec4; draw_concat_vec4
    %store/vec4 v0x5648ab4c85f0_0, 0, 32;
T_20.1 ;
    %jmp T_20;
    .thread T_20, $push;
    .scope S_0x5648ab4c1190;
T_21 ;
    %wait E_0x5648ab4c05a0;
    %load/vec4 v0x5648ab4c1510_0;
    %load/vec4 v0x5648ab4c1450_0;
    %load/vec4 v0x5648ab4c1370_0;
    %concat/vec4; draw_concat_vec4
    %concat/vec4; draw_concat_vec4
    %dup/vec4;
    %pushi/vec4 0, 0, 3;
    %cmp/u;
    %jmp/1 T_21.0, 6;
    %dup/vec4;
    %pushi/vec4 1, 0, 3;
    %cmp/u;
    %jmp/1 T_21.1, 6;
    %dup/vec4;
    %pushi/vec4 2, 0, 3;
    %cmp/u;
    %jmp/1 T_21.2, 6;
    %dup/vec4;
    %pushi/vec4 3, 0, 3;
    %cmp/u;
    %jmp/1 T_21.3, 6;
    %dup/vec4;
    %pushi/vec4 4, 0, 3;
    %cmp/u;
    %jmp/1 T_21.4, 6;
    %dup/vec4;
    %pushi/vec4 5, 0, 3;
    %cmp/u;
    %jmp/1 T_21.5, 6;
    %dup/vec4;
    %pushi/vec4 6, 0, 3;
    %cmp/u;
    %jmp/1 T_21.6, 6;
    %dup/vec4;
    %pushi/vec4 7, 0, 3;
    %cmp/u;
    %jmp/1 T_21.7, 6;
    %jmp T_21.8;
T_21.0 ;
    %load/vec4 v0x5648ab4c15e0_0;
    %cassign/vec4 v0x5648ab4c16c0_0;
    %cassign/link v0x5648ab4c16c0_0, v0x5648ab4c15e0_0;
    %jmp T_21.8;
T_21.1 ;
    %pushi/vec4 63, 0, 6;
    %cassign/vec4 v0x5648ab4c16c0_0;
    %jmp T_21.8;
T_21.2 ;
    %pushi/vec4 33, 0, 6;
    %cassign/vec4 v0x5648ab4c16c0_0;
    %jmp T_21.8;
T_21.3 ;
    %pushi/vec4 32, 0, 6;
    %cassign/vec4 v0x5648ab4c16c0_0;
    %jmp T_21.8;
T_21.4 ;
    %pushi/vec4 43, 0, 6;
    %cassign/vec4 v0x5648ab4c16c0_0;
    %jmp T_21.8;
T_21.5 ;
    %pushi/vec4 36, 0, 6;
    %cassign/vec4 v0x5648ab4c16c0_0;
    %jmp T_21.8;
T_21.6 ;
    %pushi/vec4 37, 0, 6;
    %cassign/vec4 v0x5648ab4c16c0_0;
    %jmp T_21.8;
T_21.7 ;
    %pushi/vec4 38, 0, 6;
    %cassign/vec4 v0x5648ab4c16c0_0;
    %jmp T_21.8;
T_21.8 ;
    %pop/vec4 1;
    %jmp T_21;
    .thread T_21, $push;
    .scope S_0x5648ab4c0400;
T_22 ;
    %pushi/vec4 0, 0, 32;
    %store/vec4 v0x5648ab4c0b50_0, 0, 32;
    %end;
    .thread T_22;
    .scope S_0x5648ab4c0400;
T_23 ;
    %pushi/vec4 0, 0, 32;
    %store/vec4 v0x5648ab4c0c30_0, 0, 32;
    %end;
    .thread T_23;
    .scope S_0x5648ab4c0400;
T_24 ;
    %pushi/vec4 0, 0, 32;
    %store/vec4 v0x5648ab4c0d10_0, 0, 32;
    %end;
    .thread T_24;
    .scope S_0x5648ab4c0400;
T_25 ;
    %wait E_0x5648ab4c0690;
    %load/vec4 v0x5648ab4c0ed0_0;
    %dup/vec4;
    %pushi/vec4 36, 0, 6;
    %cmp/u;
    %jmp/1 T_25.0, 6;
    %dup/vec4;
    %pushi/vec4 37, 0, 6;
    %cmp/u;
    %jmp/1 T_25.1, 6;
    %dup/vec4;
    %pushi/vec4 39, 0, 6;
    %cmp/u;
    %jmp/1 T_25.2, 6;
    %dup/vec4;
    %pushi/vec4 38, 0, 6;
    %cmp/u;
    %jmp/1 T_25.3, 6;
    %dup/vec4;
    %pushi/vec4 33, 0, 6;
    %cmp/u;
    %jmp/1 T_25.4, 6;
    %dup/vec4;
    %pushi/vec4 43, 0, 6;
    %cmp/u;
    %jmp/1 T_25.5, 6;
    %dup/vec4;
    %pushi/vec4 42, 0, 6;
    %cmp/u;
    %jmp/1 T_25.6, 6;
    %dup/vec4;
    %pushi/vec4 32, 0, 6;
    %cmp/u;
    %jmp/1 T_25.7, 6;
    %dup/vec4;
    %pushi/vec4 34, 0, 6;
    %cmp/u;
    %jmp/1 T_25.8, 6;
    %dup/vec4;
    %pushi/vec4 0, 0, 6;
    %cmp/u;
    %jmp/1 T_25.9, 6;
    %dup/vec4;
    %pushi/vec4 2, 0, 6;
    %cmp/u;
    %jmp/1 T_25.10, 6;
    %dup/vec4;
    %pushi/vec4 3, 0, 6;
    %cmp/u;
    %jmp/1 T_25.11, 6;
    %dup/vec4;
    %pushi/vec4 63, 0, 6;
    %cmp/u;
    %jmp/1 T_25.12, 6;
    %jmp T_25.13;
T_25.0 ;
    %pushi/vec4 0, 0, 1;
    %store/vec4 v0x5648ab4c0960_0, 0, 1;
    %pushi/vec4 0, 0, 1;
    %store/vec4 v0x5648ab4c0890_0, 0, 1;
    %load/vec4 v0x5648ab4c06f0_0;
    %load/vec4 v0x5648ab4c07d0_0;
    %and;
    %store/vec4 v0x5648ab4c0a20_0, 0, 32;
    %load/vec4 v0x5648ab4c0a20_0;
    %cmpi/e 0, 0, 32;
    %jmp/0xz  T_25.14, 4;
    %pushi/vec4 1, 0, 1;
    %store/vec4 v0x5648ab4c0fb0_0, 0, 1;
    %jmp T_25.15;
T_25.14 ;
    %pushi/vec4 0, 0, 1;
    %store/vec4 v0x5648ab4c0fb0_0, 0, 1;
T_25.15 ;
    %jmp T_25.13;
T_25.1 ;
    %pushi/vec4 0, 0, 1;
    %store/vec4 v0x5648ab4c0960_0, 0, 1;
    %pushi/vec4 0, 0, 1;
    %store/vec4 v0x5648ab4c0890_0, 0, 1;
    %load/vec4 v0x5648ab4c06f0_0;
    %load/vec4 v0x5648ab4c07d0_0;
    %or;
    %store/vec4 v0x5648ab4c0a20_0, 0, 32;
    %load/vec4 v0x5648ab4c0a20_0;
    %cmpi/e 0, 0, 32;
    %jmp/0xz  T_25.16, 4;
    %pushi/vec4 1, 0, 1;
    %store/vec4 v0x5648ab4c0fb0_0, 0, 1;
    %jmp T_25.17;
T_25.16 ;
    %pushi/vec4 0, 0, 1;
    %store/vec4 v0x5648ab4c0fb0_0, 0, 1;
T_25.17 ;
    %jmp T_25.13;
T_25.2 ;
    %pushi/vec4 0, 0, 1;
    %store/vec4 v0x5648ab4c0960_0, 0, 1;
    %pushi/vec4 0, 0, 1;
    %store/vec4 v0x5648ab4c0890_0, 0, 1;
    %load/vec4 v0x5648ab4c06f0_0;
    %load/vec4 v0x5648ab4c07d0_0;
    %or;
    %inv;
    %store/vec4 v0x5648ab4c0a20_0, 0, 32;
    %load/vec4 v0x5648ab4c0a20_0;
    %cmpi/e 0, 0, 32;
    %jmp/0xz  T_25.18, 4;
    %pushi/vec4 1, 0, 1;
    %store/vec4 v0x5648ab4c0fb0_0, 0, 1;
    %jmp T_25.19;
T_25.18 ;
    %pushi/vec4 0, 0, 1;
    %store/vec4 v0x5648ab4c0fb0_0, 0, 1;
T_25.19 ;
    %jmp T_25.13;
T_25.3 ;
    %pushi/vec4 0, 0, 1;
    %store/vec4 v0x5648ab4c0960_0, 0, 1;
    %pushi/vec4 0, 0, 1;
    %store/vec4 v0x5648ab4c0890_0, 0, 1;
    %load/vec4 v0x5648ab4c06f0_0;
    %load/vec4 v0x5648ab4c07d0_0;
    %xor;
    %store/vec4 v0x5648ab4c0a20_0, 0, 32;
    %load/vec4 v0x5648ab4c0a20_0;
    %cmpi/e 0, 0, 32;
    %jmp/0xz  T_25.20, 4;
    %pushi/vec4 1, 0, 1;
    %store/vec4 v0x5648ab4c0fb0_0, 0, 1;
    %jmp T_25.21;
T_25.20 ;
    %pushi/vec4 0, 0, 1;
    %store/vec4 v0x5648ab4c0fb0_0, 0, 1;
T_25.21 ;
    %jmp T_25.13;
T_25.4 ;
    %pushi/vec4 0, 0, 32;
    %store/vec4 v0x5648ab4c0d10_0, 0, 32;
    %pushi/vec4 0, 0, 32;
    %store/vec4 v0x5648ab4c0b50_0, 0, 32;
    %pushi/vec4 31, 0, 32;
    %store/vec4 v0x5648ab4c0df0_0, 0, 32;
T_25.22 ;
    %pushi/vec4 0, 0, 32;
    %load/vec4 v0x5648ab4c0df0_0;
    %cmp/s;
    %flag_or 5, 4;
    %jmp/0xz T_25.23, 5;
    %load/vec4 v0x5648ab4c06f0_0;
    %load/vec4 v0x5648ab4c0df0_0;
    %part/s 1;
    %cmpi/e 0, 0, 1;
    %jmp/0xz  T_25.24, 4;
    %pushi/vec4 1, 0, 32;
    %store/vec4 v0x5648ab4c0d10_0, 0, 32;
    %pushi/vec4 4294967295, 0, 32;
    %store/vec4 v0x5648ab4c0df0_0, 0, 32;
T_25.24 ;
    %load/vec4 v0x5648ab4c0d10_0;
    %cmpi/e 0, 0, 32;
    %jmp/0xz  T_25.26, 4;
    %load/vec4 v0x5648ab4c0b50_0;
    %addi 1, 0, 32;
    %store/vec4 v0x5648ab4c0b50_0, 0, 32;
T_25.26 ;
    %load/vec4 v0x5648ab4c0df0_0;
    %subi 1, 0, 32;
    %store/vec4 v0x5648ab4c0df0_0, 0, 32;
    %jmp T_25.22;
T_25.23 ;
    %load/vec4 v0x5648ab4c0b50_0;
    %cassign/vec4 v0x5648ab4c0a20_0;
    %cassign/link v0x5648ab4c0a20_0, v0x5648ab4c0b50_0;
    %jmp T_25.13;
T_25.5 ;
    %pushi/vec4 0, 0, 1;
    %store/vec4 v0x5648ab4c0960_0, 0, 1;
    %pushi/vec4 0, 0, 1;
    %store/vec4 v0x5648ab4c0890_0, 0, 1;
    %load/vec4 v0x5648ab4c06f0_0;
    %load/vec4 v0x5648ab4c07d0_0;
    %cmp/u;
    %flag_get/vec4 5;
    %pad/u 32;
    %store/vec4 v0x5648ab4c0a20_0, 0, 32;
    %jmp T_25.13;
T_25.6 ;
    %pushi/vec4 0, 0, 1;
    %store/vec4 v0x5648ab4c0960_0, 0, 1;
    %pushi/vec4 0, 0, 1;
    %store/vec4 v0x5648ab4c0890_0, 0, 1;
    %pushi/vec4 0, 0, 1;
    %cassign/vec4 v0x5648ab4c0890_0;
    %load/vec4 v0x5648ab4c06f0_0;
    %parti/s 1, 31, 6;
    %pushi/vec4 1, 0, 1;
    %cmp/e;
    %flag_get/vec4 4;
    %load/vec4 v0x5648ab4c07d0_0;
    %parti/s 1, 31, 6;
    %pushi/vec4 0, 0, 1;
    %cmp/e;
    %flag_get/vec4 4;
    %and;
    %flag_set/vec4 8;
    %load/vec4 v0x5648ab4c06f0_0;
    %parti/s 1, 31, 6;
    %pushi/vec4 0, 0, 1;
    %cmp/e;
    %flag_get/vec4 4;
    %load/vec4 v0x5648ab4c07d0_0;
    %parti/s 1, 31, 6;
    %pushi/vec4 1, 0, 1;
    %cmp/e;
    %flag_get/vec4 4;
    %and;
    %flag_set/vec4 9;
    %flag_or 9, 8;
    %jmp/0xz  T_25.28, 9;
    %load/vec4 v0x5648ab4c07d0_0;
    %load/vec4 v0x5648ab4c06f0_0;
    %cmp/u;
    %flag_get/vec4 5;
    %pad/u 32;
    %store/vec4 v0x5648ab4c0a20_0, 0, 32;
    %jmp T_25.29;
T_25.28 ;
    %load/vec4 v0x5648ab4c06f0_0;
    %load/vec4 v0x5648ab4c07d0_0;
    %cmp/u;
    %flag_get/vec4 5;
    %pad/u 32;
    %store/vec4 v0x5648ab4c0a20_0, 0, 32;
T_25.29 ;
    %jmp T_25.13;
T_25.7 ;
    %pushi/vec4 0, 0, 1;
    %store/vec4 v0x5648ab4c0960_0, 0, 1;
    %pushi/vec4 0, 0, 1;
    %store/vec4 v0x5648ab4c0890_0, 0, 1;
    %load/vec4 v0x5648ab4c06f0_0;
    %pad/u 33;
    %load/vec4 v0x5648ab4c07d0_0;
    %pad/u 33;
    %add;
    %split/vec4 32;
    %store/vec4 v0x5648ab4c0a20_0, 0, 32;
    %store/vec4 v0x5648ab4c0890_0, 0, 1;
    %load/vec4 v0x5648ab4c06f0_0;
    %parti/s 1, 31, 6;
    %pushi/vec4 0, 0, 1;
    %cmp/e;
    %flag_get/vec4 4;
    %load/vec4 v0x5648ab4c07d0_0;
    %parti/s 1, 31, 6;
    %pushi/vec4 0, 0, 1;
    %cmp/e;
    %flag_get/vec4 4;
    %and;
    %load/vec4 v0x5648ab4c0a20_0;
    %parti/s 1, 31, 6;
    %pad/u 32;
    %pushi/vec4 1, 0, 32;
    %cmp/e;
    %flag_get/vec4 4;
    %and;
    %flag_set/vec4 8;
    %jmp/0xz  T_25.30, 8;
    %pushi/vec4 1, 0, 1;
    %store/vec4 v0x5648ab4c0960_0, 0, 1;
    %jmp T_25.31;
T_25.30 ;
    %load/vec4 v0x5648ab4c06f0_0;
    %parti/s 1, 31, 6;
    %pushi/vec4 1, 0, 1;
    %cmp/e;
    %flag_get/vec4 4;
    %load/vec4 v0x5648ab4c07d0_0;
    %parti/s 1, 31, 6;
    %pushi/vec4 1, 0, 1;
    %cmp/e;
    %flag_get/vec4 4;
    %and;
    %load/vec4 v0x5648ab4c0a20_0;
    %parti/s 1, 31, 6;
    %pad/u 32;
    %pushi/vec4 0, 0, 32;
    %cmp/e;
    %flag_get/vec4 4;
    %and;
    %flag_set/vec4 8;
    %jmp/0xz  T_25.32, 8;
    %pushi/vec4 1, 0, 1;
    %store/vec4 v0x5648ab4c0960_0, 0, 1;
T_25.32 ;
T_25.31 ;
    %load/vec4 v0x5648ab4c0a20_0;
    %cmpi/e 0, 0, 32;
    %jmp/0xz  T_25.34, 4;
    %pushi/vec4 1, 0, 1;
    %store/vec4 v0x5648ab4c0fb0_0, 0, 1;
    %jmp T_25.35;
T_25.34 ;
    %pushi/vec4 0, 0, 1;
    %store/vec4 v0x5648ab4c0fb0_0, 0, 1;
T_25.35 ;
    %jmp T_25.13;
T_25.8 ;
    %pushi/vec4 0, 0, 1;
    %store/vec4 v0x5648ab4c0960_0, 0, 1;
    %pushi/vec4 0, 0, 1;
    %cassign/vec4 v0x5648ab4c0890_0;
    %load/vec4 v0x5648ab4c07d0_0;
    %inv;
    %store/vec4 v0x5648ab4c0a20_0, 0, 32;
    %load/vec4 v0x5648ab4c06f0_0;
    %pad/u 33;
    %load/vec4 v0x5648ab4c0a20_0;
    %pad/u 33;
    %add;
    %addi 1, 0, 33;
    %split/vec4 32;
    %store/vec4 v0x5648ab4c0a20_0, 0, 32;
    %store/vec4 v0x5648ab4c0890_0, 0, 1;
    %load/vec4 v0x5648ab4c06f0_0;
    %parti/s 1, 31, 6;
    %pushi/vec4 0, 0, 1;
    %cmp/e;
    %flag_get/vec4 4;
    %load/vec4 v0x5648ab4c07d0_0;
    %parti/s 1, 31, 6;
    %pushi/vec4 1, 0, 1;
    %cmp/e;
    %flag_get/vec4 4;
    %and;
    %load/vec4 v0x5648ab4c0a20_0;
    %parti/s 1, 31, 6;
    %pad/u 32;
    %pushi/vec4 1, 0, 32;
    %cmp/e;
    %flag_get/vec4 4;
    %and;
    %flag_set/vec4 8;
    %jmp/0xz  T_25.36, 8;
    %pushi/vec4 1, 0, 1;
    %store/vec4 v0x5648ab4c0960_0, 0, 1;
    %jmp T_25.37;
T_25.36 ;
    %load/vec4 v0x5648ab4c06f0_0;
    %parti/s 1, 31, 6;
    %pushi/vec4 1, 0, 1;
    %cmp/e;
    %flag_get/vec4 4;
    %load/vec4 v0x5648ab4c07d0_0;
    %parti/s 1, 31, 6;
    %pushi/vec4 0, 0, 1;
    %cmp/e;
    %flag_get/vec4 4;
    %and;
    %load/vec4 v0x5648ab4c0a20_0;
    %parti/s 1, 31, 6;
    %pad/u 32;
    %pushi/vec4 0, 0, 32;
    %cmp/e;
    %flag_get/vec4 4;
    %and;
    %flag_set/vec4 8;
    %jmp/0xz  T_25.38, 8;
    %pushi/vec4 1, 0, 1;
    %store/vec4 v0x5648ab4c0960_0, 0, 1;
T_25.38 ;
T_25.37 ;
    %load/vec4 v0x5648ab4c0a20_0;
    %cmpi/e 0, 0, 32;
    %jmp/0xz  T_25.40, 4;
    %pushi/vec4 1, 0, 1;
    %store/vec4 v0x5648ab4c0fb0_0, 0, 1;
    %jmp T_25.41;
T_25.40 ;
    %pushi/vec4 0, 0, 1;
    %store/vec4 v0x5648ab4c0fb0_0, 0, 1;
T_25.41 ;
    %jmp T_25.13;
T_25.9 ;
    %pushi/vec4 0, 0, 1;
    %store/vec4 v0x5648ab4c0960_0, 0, 1;
    %pushi/vec4 0, 0, 1;
    %cassign/vec4 v0x5648ab4c0890_0;
    %load/vec4 v0x5648ab4c06f0_0;
    %pad/u 33;
    %ix/getv 4, v0x5648ab4c07d0_0;
    %shiftl 4;
    %split/vec4 32;
    %store/vec4 v0x5648ab4c0a20_0, 0, 32;
    %store/vec4 v0x5648ab4c0890_0, 0, 1;
    %load/vec4 v0x5648ab4c0a20_0;
    %cmpi/e 0, 0, 32;
    %jmp/0xz  T_25.42, 4;
    %pushi/vec4 1, 0, 1;
    %store/vec4 v0x5648ab4c0fb0_0, 0, 1;
    %jmp T_25.43;
T_25.42 ;
    %pushi/vec4 0, 0, 1;
    %store/vec4 v0x5648ab4c0fb0_0, 0, 1;
T_25.43 ;
    %jmp T_25.13;
T_25.10 ;
    %pushi/vec4 0, 0, 1;
    %store/vec4 v0x5648ab4c0960_0, 0, 1;
    %pushi/vec4 0, 0, 1;
    %store/vec4 v0x5648ab4c0890_0, 0, 1;
    %load/vec4 v0x5648ab4c06f0_0;
    %pad/u 33;
    %ix/getv 4, v0x5648ab4c07d0_0;
    %shiftr 4;
    %split/vec4 32;
    %store/vec4 v0x5648ab4c0a20_0, 0, 32;
    %store/vec4 v0x5648ab4c0890_0, 0, 1;
    %jmp T_25.13;
T_25.11 ;
    %pushi/vec4 0, 0, 1;
    %store/vec4 v0x5648ab4c0960_0, 0, 1;
    %pushi/vec4 0, 0, 1;
    %store/vec4 v0x5648ab4c0890_0, 0, 1;
    %load/vec4 v0x5648ab4c06f0_0;
    %ix/getv 4, v0x5648ab4c07d0_0;
    %shiftr 4;
    %store/vec4 v0x5648ab4c0a20_0, 0, 32;
    %jmp T_25.13;
T_25.12 ;
    %pushi/vec4 0, 0, 1;
    %store/vec4 v0x5648ab4c0960_0, 0, 1;
    %pushi/vec4 0, 0, 1;
    %store/vec4 v0x5648ab4c0890_0, 0, 1;
    %load/vec4 v0x5648ab4c07d0_0;
    %pad/u 33;
    %ix/load 4, 16, 0;
    %flag_set/imm 4, 0;
    %shiftl 4;
    %split/vec4 32;
    %store/vec4 v0x5648ab4c0a20_0, 0, 32;
    %store/vec4 v0x5648ab4c0890_0, 0, 1;
    %jmp T_25.13;
T_25.13 ;
    %pop/vec4 1;
    %vpi_call 2 551 "$display", "ALUResult: ------> %d", v0x5648ab4c0a20_0 {0 0 0};
    %vpi_call 2 552 "$display", "s: %b", v0x5648ab4c0ed0_0 {0 0 0};
    %vpi_call 2 553 "$display", "A: %d", v0x5648ab4c06f0_0 {0 0 0};
    %vpi_call 2 554 "$display", "B: %d", v0x5648ab4c07d0_0 {0 0 0};
    %jmp T_25;
    .thread T_25, $push;
    .scope S_0x5648ab4c2ec0;
T_26 ;
    %wait E_0x5648ab4bfab0;
    %load/vec4 v0x5648ab4c3130_0;
    %flag_set/vec4 8;
    %jmp/0xz  T_26.0, 8;
    %load/vec4 v0x5648ab4c3200_0;
    %flag_set/vec4 8;
    %jmp/0xz  T_26.2, 8;
    %pushi/vec4 0, 0, 5;
    %store/vec4 v0x5648ab4c3490_0, 0, 5;
T_26.2 ;
    %load/vec4 v0x5648ab4c3490_0;
    %store/vec4 v0x5648ab4c32d0_0, 0, 5;
    %jmp T_26.1;
T_26.0 ;
    %load/vec4 v0x5648ab4c3200_0;
    %flag_set/vec4 8;
    %jmp/0xz  T_26.4, 8;
    %load/vec4 v0x5648ab4c33f0_0;
    %store/vec4 v0x5648ab4c3490_0, 0, 5;
T_26.4 ;
    %load/vec4 v0x5648ab4c3490_0;
    %store/vec4 v0x5648ab4c32d0_0, 0, 5;
    %vpi_call 2 609 "$display", "STATE: %b", v0x5648ab4c3490_0 {0 0 0};
T_26.1 ;
    %jmp T_26;
    .thread T_26;
    .scope S_0x5648ab4c2250;
T_27 ;
    %wait E_0x5648ab4c24a0;
    %load/vec4 v0x5648ab4c2620_0;
    %dup/vec4;
    %pushi/vec4 0, 0, 5;
    %cmp/u;
    %jmp/1 T_27.0, 6;
    %dup/vec4;
    %pushi/vec4 1, 0, 5;
    %cmp/u;
    %jmp/1 T_27.1, 6;
    %dup/vec4;
    %pushi/vec4 2, 0, 5;
    %cmp/u;
    %jmp/1 T_27.2, 6;
    %dup/vec4;
    %pushi/vec4 3, 0, 5;
    %cmp/u;
    %jmp/1 T_27.3, 6;
    %dup/vec4;
    %pushi/vec4 4, 0, 5;
    %cmp/u;
    %jmp/1 T_27.4, 6;
    %dup/vec4;
    %pushi/vec4 5, 0, 5;
    %cmp/u;
    %jmp/1 T_27.5, 6;
    %dup/vec4;
    %pushi/vec4 6, 0, 5;
    %cmp/u;
    %jmp/1 T_27.6, 6;
    %dup/vec4;
    %pushi/vec4 7, 0, 5;
    %cmp/u;
    %jmp/1 T_27.7, 6;
    %dup/vec4;
    %pushi/vec4 8, 0, 5;
    %cmp/u;
    %jmp/1 T_27.8, 6;
    %dup/vec4;
    %pushi/vec4 9, 0, 5;
    %cmp/u;
    %jmp/1 T_27.9, 6;
    %dup/vec4;
    %pushi/vec4 10, 0, 5;
    %cmp/u;
    %jmp/1 T_27.10, 6;
    %dup/vec4;
    %pushi/vec4 11, 0, 5;
    %cmp/u;
    %jmp/1 T_27.11, 6;
    %dup/vec4;
    %pushi/vec4 12, 0, 5;
    %cmp/u;
    %jmp/1 T_27.12, 6;
    %dup/vec4;
    %pushi/vec4 13, 0, 5;
    %cmp/u;
    %jmp/1 T_27.13, 6;
    %dup/vec4;
    %pushi/vec4 14, 0, 5;
    %cmp/u;
    %jmp/1 T_27.14, 6;
    %dup/vec4;
    %pushi/vec4 15, 0, 5;
    %cmp/u;
    %jmp/1 T_27.15, 6;
    %dup/vec4;
    %pushi/vec4 16, 0, 5;
    %cmp/u;
    %jmp/1 T_27.16, 6;
    %dup/vec4;
    %pushi/vec4 17, 0, 5;
    %cmp/u;
    %jmp/1 T_27.17, 6;
    %dup/vec4;
    %pushi/vec4 18, 0, 5;
    %cmp/u;
    %jmp/1 T_27.18, 6;
    %dup/vec4;
    %pushi/vec4 19, 0, 5;
    %cmp/u;
    %jmp/1 T_27.19, 6;
    %dup/vec4;
    %pushi/vec4 20, 0, 5;
    %cmp/u;
    %jmp/1 T_27.20, 6;
    %dup/vec4;
    %pushi/vec4 21, 0, 5;
    %cmp/u;
    %jmp/1 T_27.21, 6;
    %dup/vec4;
    %pushi/vec4 22, 0, 5;
    %cmp/u;
    %jmp/1 T_27.22, 6;
    %dup/vec4;
    %pushi/vec4 23, 0, 5;
    %cmp/u;
    %jmp/1 T_27.23, 6;
    %dup/vec4;
    %pushi/vec4 24, 0, 5;
    %cmp/u;
    %jmp/1 T_27.24, 6;
    %dup/vec4;
    %pushi/vec4 25, 0, 5;
    %cmp/u;
    %jmp/1 T_27.25, 6;
    %dup/vec4;
    %pushi/vec4 26, 0, 5;
    %cmp/u;
    %jmp/1 T_27.26, 6;
    %pushi/vec4 0, 0, 23;
    %store/vec4 v0x5648ab4c2520_0, 0, 23;
    %jmp T_27.28;
T_27.0 ;
    %pushi/vec4 0, 0, 23;
    %store/vec4 v0x5648ab4c2520_0, 0, 23;
    %jmp T_27.28;
T_27.1 ;
    %pushi/vec4 8262, 0, 23;
    %store/vec4 v0x5648ab4c2520_0, 0, 23;
    %jmp T_27.28;
T_27.2 ;
    %pushi/vec4 4, 0, 23;
    %store/vec4 v0x5648ab4c2520_0, 0, 23;
    %jmp T_27.28;
T_27.3 ;
    %pushi/vec4 80, 0, 23;
    %store/vec4 v0x5648ab4c2520_0, 0, 23;
    %jmp T_27.28;
T_27.4 ;
    %pushi/vec4 8194, 0, 23;
    %store/vec4 v0x5648ab4c2520_0, 0, 23;
    %jmp T_27.28;
T_27.5 ;
    %pushi/vec4 2203648, 0, 23;
    %store/vec4 v0x5648ab4c2520_0, 0, 23;
    %jmp T_27.28;
T_27.6 ;
    %pushi/vec4 2165504, 0, 23;
    %store/vec4 v0x5648ab4c2520_0, 0, 23;
    %jmp T_27.28;
T_27.7 ;
    %pushi/vec4 2163712, 0, 23;
    %store/vec4 v0x5648ab4c2520_0, 0, 23;
    %jmp T_27.28;
T_27.8 ;
    %pushi/vec4 2163968, 0, 23;
    %store/vec4 v0x5648ab4c2520_0, 0, 23;
    %jmp T_27.28;
T_27.9 ;
    %pushi/vec4 2164224, 0, 23;
    %store/vec4 v0x5648ab4c2520_0, 0, 23;
    %jmp T_27.28;
T_27.10 ;
    %pushi/vec4 2164480, 0, 23;
    %store/vec4 v0x5648ab4c2520_0, 0, 23;
    %jmp T_27.28;
T_27.11 ;
    %pushi/vec4 2162944, 0, 23;
    %store/vec4 v0x5648ab4c2520_0, 0, 23;
    %jmp T_27.28;
T_27.12 ;
    %pushi/vec4 2163968, 0, 23;
    %store/vec4 v0x5648ab4c2520_0, 0, 23;
    %jmp T_27.28;
T_27.13 ;
    %pushi/vec4 2164224, 0, 23;
    %store/vec4 v0x5648ab4c2520_0, 0, 23;
    %jmp T_27.28;
T_27.14 ;
    %pushi/vec4 4195136, 0, 23;
    %store/vec4 v0x5648ab4c2520_0, 0, 23;
    %jmp T_27.28;
T_27.15 ;
    %pushi/vec4 3743746, 0, 23;
    %store/vec4 v0x5648ab4c2520_0, 0, 23;
    %jmp T_27.28;
T_27.16 ;
    %pushi/vec4 3743746, 0, 23;
    %store/vec4 v0x5648ab4c2520_0, 0, 23;
    %jmp T_27.28;
T_27.17 ;
    %pushi/vec4 3743746, 0, 23;
    %store/vec4 v0x5648ab4c2520_0, 0, 23;
    %jmp T_27.28;
T_27.18 ;
    %pushi/vec4 4195136, 0, 23;
    %store/vec4 v0x5648ab4c2520_0, 0, 23;
    %jmp T_27.28;
T_27.19 ;
    %pushi/vec4 36865, 0, 23;
    %store/vec4 v0x5648ab4c2520_0, 0, 23;
    %jmp T_27.28;
T_27.20 ;
    %pushi/vec4 4194689, 0, 23;
    %store/vec4 v0x5648ab4c2520_0, 0, 23;
    %jmp T_27.28;
T_27.21 ;
    %pushi/vec4 4194689, 0, 23;
    %store/vec4 v0x5648ab4c2520_0, 0, 23;
    %jmp T_27.28;
T_27.22 ;
    %pushi/vec4 4194689, 0, 23;
    %store/vec4 v0x5648ab4c2520_0, 0, 23;
    %jmp T_27.28;
T_27.23 ;
    %pushi/vec4 4194689, 0, 23;
    %store/vec4 v0x5648ab4c2520_0, 0, 23;
    %jmp T_27.28;
T_27.24 ;
    %pushi/vec4 4194689, 0, 23;
    %store/vec4 v0x5648ab4c2520_0, 0, 23;
    %jmp T_27.28;
T_27.25 ;
    %pushi/vec4 4194689, 0, 23;
    %store/vec4 v0x5648ab4c2520_0, 0, 23;
    %jmp T_27.28;
T_27.26 ;
    %pushi/vec4 4194689, 0, 23;
    %store/vec4 v0x5648ab4c2520_0, 0, 23;
    %jmp T_27.28;
T_27.28 ;
    %pop/vec4 1;
    %jmp T_27;
    .thread T_27, $push;
    .scope S_0x5648ab4c2760;
T_28 ;
    %wait E_0x5648ab4c2930;
    %load/vec4 v0x5648ab4c2d30_0;
    %flag_set/vec4 8;
    %jmp/0xz  T_28.0, 8;
    %pushi/vec4 0, 0, 5;
    %store/vec4 v0x5648ab4c2a70_0, 0, 5;
    %jmp T_28.1;
T_28.0 ;
    %vpi_call 2 707 "$display", "OpCode: %b", v0x5648ab4c2b50_0 {0 0 0};
    %load/vec4 v0x5648ab4c2c40_0;
    %dup/vec4;
    %pushi/vec4 0, 0, 5;
    %cmp/u;
    %jmp/1 T_28.2, 6;
    %dup/vec4;
    %pushi/vec4 1, 0, 5;
    %cmp/u;
    %jmp/1 T_28.3, 6;
    %dup/vec4;
    %pushi/vec4 2, 0, 5;
    %cmp/u;
    %jmp/1 T_28.4, 6;
    %dup/vec4;
    %pushi/vec4 3, 0, 5;
    %cmp/u;
    %jmp/1 T_28.5, 6;
    %dup/vec4;
    %pushi/vec4 4, 0, 5;
    %cmp/u;
    %jmp/1 T_28.6, 6;
    %dup/vec4;
    %pushi/vec4 5, 0, 5;
    %cmp/u;
    %jmp/1 T_28.7, 6;
    %dup/vec4;
    %pushi/vec4 6, 0, 5;
    %cmp/u;
    %jmp/1 T_28.8, 6;
    %dup/vec4;
    %pushi/vec4 7, 0, 5;
    %cmp/u;
    %jmp/1 T_28.9, 6;
    %dup/vec4;
    %pushi/vec4 8, 0, 5;
    %cmp/u;
    %jmp/1 T_28.10, 6;
    %dup/vec4;
    %pushi/vec4 9, 0, 5;
    %cmp/u;
    %jmp/1 T_28.11, 6;
    %dup/vec4;
    %pushi/vec4 10, 0, 5;
    %cmp/u;
    %jmp/1 T_28.12, 6;
    %dup/vec4;
    %pushi/vec4 11, 0, 5;
    %cmp/u;
    %jmp/1 T_28.13, 6;
    %dup/vec4;
    %pushi/vec4 12, 0, 5;
    %cmp/u;
    %jmp/1 T_28.14, 6;
    %dup/vec4;
    %pushi/vec4 13, 0, 5;
    %cmp/u;
    %jmp/1 T_28.15, 6;
    %dup/vec4;
    %pushi/vec4 14, 0, 5;
    %cmp/u;
    %jmp/1 T_28.16, 6;
    %dup/vec4;
    %pushi/vec4 15, 0, 5;
    %cmp/u;
    %jmp/1 T_28.17, 6;
    %dup/vec4;
    %pushi/vec4 16, 0, 5;
    %cmp/u;
    %jmp/1 T_28.18, 6;
    %dup/vec4;
    %pushi/vec4 17, 0, 5;
    %cmp/u;
    %jmp/1 T_28.19, 6;
    %dup/vec4;
    %pushi/vec4 18, 0, 5;
    %cmp/u;
    %jmp/1 T_28.20, 6;
    %dup/vec4;
    %pushi/vec4 19, 0, 5;
    %cmp/u;
    %jmp/1 T_28.21, 6;
    %dup/vec4;
    %pushi/vec4 20, 0, 5;
    %cmp/u;
    %jmp/1 T_28.22, 6;
    %dup/vec4;
    %pushi/vec4 21, 0, 5;
    %cmp/u;
    %jmp/1 T_28.23, 6;
    %dup/vec4;
    %pushi/vec4 22, 0, 5;
    %cmp/u;
    %jmp/1 T_28.24, 6;
    %dup/vec4;
    %pushi/vec4 23, 0, 5;
    %cmp/u;
    %jmp/1 T_28.25, 6;
    %dup/vec4;
    %pushi/vec4 24, 0, 5;
    %cmp/u;
    %jmp/1 T_28.26, 6;
    %dup/vec4;
    %pushi/vec4 25, 0, 5;
    %cmp/u;
    %jmp/1 T_28.27, 6;
    %dup/vec4;
    %pushi/vec4 26, 0, 5;
    %cmp/u;
    %jmp/1 T_28.28, 6;
    %jmp T_28.29;
T_28.2 ;
    %pushi/vec4 1, 0, 5;
    %store/vec4 v0x5648ab4c2a70_0, 0, 5;
    %jmp T_28.29;
T_28.3 ;
    %pushi/vec4 2, 0, 5;
    %store/vec4 v0x5648ab4c2a70_0, 0, 5;
    %jmp T_28.29;
T_28.4 ;
    %pushi/vec4 3, 0, 5;
    %store/vec4 v0x5648ab4c2a70_0, 0, 5;
    %jmp T_28.29;
T_28.5 ;
    %load/vec4 v0x5648ab4c2990_0;
    %flag_set/vec4 8;
    %jmp/0xz  T_28.30, 8;
    %pushi/vec4 4, 0, 5;
    %store/vec4 v0x5648ab4c2a70_0, 0, 5;
    %jmp T_28.31;
T_28.30 ;
    %pushi/vec4 3, 0, 5;
    %store/vec4 v0x5648ab4c2a70_0, 0, 5;
T_28.31 ;
    %jmp T_28.29;
T_28.6 ;
    %load/vec4 v0x5648ab4c2b50_0;
    %dup/vec4;
    %pushi/vec4 0, 0, 6;
    %cmp/u;
    %jmp/1 T_28.32, 6;
    %dup/vec4;
    %pushi/vec4 8, 0, 6;
    %cmp/u;
    %jmp/1 T_28.33, 6;
    %dup/vec4;
    %pushi/vec4 9, 0, 6;
    %cmp/u;
    %jmp/1 T_28.34, 6;
    %dup/vec4;
    %pushi/vec4 10, 0, 6;
    %cmp/u;
    %jmp/1 T_28.35, 6;
    %dup/vec4;
    %pushi/vec4 11, 0, 6;
    %cmp/u;
    %jmp/1 T_28.36, 6;
    %dup/vec4;
    %pushi/vec4 12, 0, 6;
    %cmp/u;
    %jmp/1 T_28.37, 6;
    %dup/vec4;
    %pushi/vec4 13, 0, 6;
    %cmp/u;
    %jmp/1 T_28.38, 6;
    %dup/vec4;
    %pushi/vec4 14, 0, 6;
    %cmp/u;
    %jmp/1 T_28.39, 6;
    %dup/vec4;
    %pushi/vec4 15, 0, 6;
    %cmp/u;
    %jmp/1 T_28.40, 6;
    %dup/vec4;
    %pushi/vec4 4, 0, 6;
    %cmp/u;
    %jmp/1 T_28.41, 6;
    %dup/vec4;
    %pushi/vec4 1, 0, 6;
    %cmp/u;
    %jmp/1 T_28.42, 6;
    %dup/vec4;
    %pushi/vec4 7, 0, 6;
    %cmp/u;
    %jmp/1 T_28.43, 6;
    %dup/vec4;
    %pushi/vec4 6, 0, 6;
    %cmp/u;
    %jmp/1 T_28.44, 6;
    %dup/vec4;
    %pushi/vec4 5, 0, 6;
    %cmp/u;
    %jmp/1 T_28.45, 6;
    %dup/vec4;
    %pushi/vec4 2, 0, 6;
    %cmp/u;
    %jmp/1 T_28.46, 6;
    %dup/vec4;
    %pushi/vec4 3, 0, 6;
    %cmp/u;
    %jmp/1 T_28.47, 6;
    %dup/vec4;
    %pushi/vec4 35, 0, 6;
    %cmp/u;
    %jmp/1 T_28.48, 6;
    %dup/vec4;
    %pushi/vec4 33, 0, 6;
    %cmp/u;
    %jmp/1 T_28.49, 6;
    %dup/vec4;
    %pushi/vec4 37, 0, 6;
    %cmp/u;
    %jmp/1 T_28.50, 6;
    %dup/vec4;
    %pushi/vec4 32, 0, 6;
    %cmp/u;
    %jmp/1 T_28.51, 6;
    %dup/vec4;
    %pushi/vec4 36, 0, 6;
    %cmp/u;
    %jmp/1 T_28.52, 6;
    %dup/vec4;
    %pushi/vec4 63, 0, 6;
    %cmp/u;
    %jmp/1 T_28.53, 6;
    %dup/vec4;
    %pushi/vec4 43, 0, 6;
    %cmp/u;
    %jmp/1 T_28.54, 6;
    %dup/vec4;
    %pushi/vec4 41, 0, 6;
    %cmp/u;
    %jmp/1 T_28.55, 6;
    %dup/vec4;
    %pushi/vec4 40, 0, 6;
    %cmp/u;
    %jmp/1 T_28.56, 6;
    %jmp T_28.57;
T_28.32 ;
    %pushi/vec4 5, 0, 5;
    %store/vec4 v0x5648ab4c2a70_0, 0, 5;
    %jmp T_28.57;
T_28.33 ;
    %pushi/vec4 6, 0, 5;
    %store/vec4 v0x5648ab4c2a70_0, 0, 5;
    %jmp T_28.57;
T_28.34 ;
    %pushi/vec4 6, 0, 5;
    %store/vec4 v0x5648ab4c2a70_0, 0, 5;
    %jmp T_28.57;
T_28.35 ;
    %pushi/vec4 7, 0, 5;
    %store/vec4 v0x5648ab4c2a70_0, 0, 5;
    %jmp T_28.57;
T_28.36 ;
    %pushi/vec4 7, 0, 5;
    %store/vec4 v0x5648ab4c2a70_0, 0, 5;
    %jmp T_28.57;
T_28.37 ;
    %pushi/vec4 8, 0, 5;
    %store/vec4 v0x5648ab4c2a70_0, 0, 5;
    %jmp T_28.57;
T_28.38 ;
    %pushi/vec4 9, 0, 5;
    %store/vec4 v0x5648ab4c2a70_0, 0, 5;
    %jmp T_28.57;
T_28.39 ;
    %pushi/vec4 10, 0, 5;
    %store/vec4 v0x5648ab4c2a70_0, 0, 5;
    %jmp T_28.57;
T_28.40 ;
    %pushi/vec4 11, 0, 5;
    %store/vec4 v0x5648ab4c2a70_0, 0, 5;
    %jmp T_28.57;
T_28.41 ;
    %pushi/vec4 12, 0, 5;
    %store/vec4 v0x5648ab4c2a70_0, 0, 5;
    %jmp T_28.57;
T_28.42 ;
    %pushi/vec4 12, 0, 5;
    %store/vec4 v0x5648ab4c2a70_0, 0, 5;
    %jmp T_28.57;
T_28.43 ;
    %pushi/vec4 12, 0, 5;
    %store/vec4 v0x5648ab4c2a70_0, 0, 5;
    %jmp T_28.57;
T_28.44 ;
    %pushi/vec4 12, 0, 5;
    %store/vec4 v0x5648ab4c2a70_0, 0, 5;
    %jmp T_28.57;
T_28.45 ;
    %pushi/vec4 12, 0, 5;
    %store/vec4 v0x5648ab4c2a70_0, 0, 5;
    %jmp T_28.57;
T_28.46 ;
    %pushi/vec4 13, 0, 5;
    %store/vec4 v0x5648ab4c2a70_0, 0, 5;
    %jmp T_28.57;
T_28.47 ;
    %pushi/vec4 13, 0, 5;
    %store/vec4 v0x5648ab4c2a70_0, 0, 5;
    %jmp T_28.57;
T_28.48 ;
    %pushi/vec4 14, 0, 5;
    %store/vec4 v0x5648ab4c2a70_0, 0, 5;
    %jmp T_28.57;
T_28.49 ;
    %pushi/vec4 14, 0, 5;
    %store/vec4 v0x5648ab4c2a70_0, 0, 5;
    %jmp T_28.57;
T_28.50 ;
    %pushi/vec4 14, 0, 5;
    %store/vec4 v0x5648ab4c2a70_0, 0, 5;
    %jmp T_28.57;
T_28.51 ;
    %pushi/vec4 14, 0, 5;
    %store/vec4 v0x5648ab4c2a70_0, 0, 5;
    %jmp T_28.57;
T_28.52 ;
    %pushi/vec4 14, 0, 5;
    %store/vec4 v0x5648ab4c2a70_0, 0, 5;
    %jmp T_28.57;
T_28.53 ;
    %pushi/vec4 18, 0, 5;
    %store/vec4 v0x5648ab4c2a70_0, 0, 5;
    %jmp T_28.57;
T_28.54 ;
    %pushi/vec4 18, 0, 5;
    %store/vec4 v0x5648ab4c2a70_0, 0, 5;
    %jmp T_28.57;
T_28.55 ;
    %pushi/vec4 18, 0, 5;
    %store/vec4 v0x5648ab4c2a70_0, 0, 5;
    %jmp T_28.57;
T_28.56 ;
    %pushi/vec4 18, 0, 5;
    %store/vec4 v0x5648ab4c2a70_0, 0, 5;
    %jmp T_28.57;
T_28.57 ;
    %pop/vec4 1;
    %jmp T_28.29;
T_28.7 ;
    %pushi/vec4 1, 0, 5;
    %store/vec4 v0x5648ab4c2a70_0, 0, 5;
    %jmp T_28.29;
T_28.8 ;
    %pushi/vec4 1, 0, 5;
    %store/vec4 v0x5648ab4c2a70_0, 0, 5;
    %jmp T_28.29;
T_28.9 ;
    %pushi/vec4 1, 0, 5;
    %store/vec4 v0x5648ab4c2a70_0, 0, 5;
    %jmp T_28.29;
T_28.10 ;
    %pushi/vec4 1, 0, 5;
    %store/vec4 v0x5648ab4c2a70_0, 0, 5;
    %jmp T_28.29;
T_28.11 ;
    %pushi/vec4 1, 0, 5;
    %store/vec4 v0x5648ab4c2a70_0, 0, 5;
    %jmp T_28.29;
T_28.12 ;
    %pushi/vec4 1, 0, 5;
    %store/vec4 v0x5648ab4c2a70_0, 0, 5;
    %jmp T_28.29;
T_28.13 ;
    %pushi/vec4 1, 0, 5;
    %store/vec4 v0x5648ab4c2a70_0, 0, 5;
    %jmp T_28.29;
T_28.14 ;
    %pushi/vec4 22, 0, 5;
    %store/vec4 v0x5648ab4c2a70_0, 0, 5;
    %jmp T_28.29;
T_28.15 ;
    %pushi/vec4 1, 0, 5;
    %store/vec4 v0x5648ab4c2a70_0, 0, 5;
    %jmp T_28.29;
T_28.16 ;
    %load/vec4 v0x5648ab4c2b50_0;
    %dup/vec4;
    %pushi/vec4 35, 0, 6;
    %cmp/u;
    %jmp/1 T_28.58, 6;
    %dup/vec4;
    %pushi/vec4 33, 0, 6;
    %cmp/u;
    %jmp/1 T_28.59, 6;
    %dup/vec4;
    %pushi/vec4 37, 0, 6;
    %cmp/u;
    %jmp/1 T_28.60, 6;
    %dup/vec4;
    %pushi/vec4 32, 0, 6;
    %cmp/u;
    %jmp/1 T_28.61, 6;
    %dup/vec4;
    %pushi/vec4 36, 0, 6;
    %cmp/u;
    %jmp/1 T_28.62, 6;
    %jmp T_28.63;
T_28.58 ;
    %pushi/vec4 15, 0, 5;
    %store/vec4 v0x5648ab4c2a70_0, 0, 5;
    %jmp T_28.63;
T_28.59 ;
    %pushi/vec4 15, 0, 5;
    %store/vec4 v0x5648ab4c2a70_0, 0, 5;
    %jmp T_28.63;
T_28.60 ;
    %pushi/vec4 15, 0, 5;
    %store/vec4 v0x5648ab4c2a70_0, 0, 5;
    %jmp T_28.63;
T_28.61 ;
    %pushi/vec4 23, 0, 5;
    %store/vec4 v0x5648ab4c2a70_0, 0, 5;
    %jmp T_28.63;
T_28.62 ;
    %pushi/vec4 23, 0, 5;
    %store/vec4 v0x5648ab4c2a70_0, 0, 5;
    %jmp T_28.63;
T_28.63 ;
    %pop/vec4 1;
    %jmp T_28.29;
T_28.17 ;
    %pushi/vec4 16, 0, 5;
    %store/vec4 v0x5648ab4c2a70_0, 0, 5;
    %jmp T_28.29;
T_28.18 ;
    %load/vec4 v0x5648ab4c2990_0;
    %flag_set/vec4 8;
    %jmp/0xz  T_28.64, 8;
    %pushi/vec4 17, 0, 5;
    %store/vec4 v0x5648ab4c2a70_0, 0, 5;
    %jmp T_28.65;
T_28.64 ;
    %pushi/vec4 16, 0, 5;
    %store/vec4 v0x5648ab4c2a70_0, 0, 5;
T_28.65 ;
    %jmp T_28.29;
T_28.19 ;
    %pushi/vec4 1, 0, 5;
    %store/vec4 v0x5648ab4c2a70_0, 0, 5;
    %jmp T_28.29;
T_28.20 ;
    %load/vec4 v0x5648ab4c2b50_0;
    %dup/vec4;
    %pushi/vec4 63, 0, 6;
    %cmp/u;
    %jmp/1 T_28.66, 6;
    %dup/vec4;
    %pushi/vec4 43, 0, 6;
    %cmp/u;
    %jmp/1 T_28.67, 6;
    %dup/vec4;
    %pushi/vec4 41, 0, 6;
    %cmp/u;
    %jmp/1 T_28.68, 6;
    %dup/vec4;
    %pushi/vec4 40, 0, 6;
    %cmp/u;
    %jmp/1 T_28.69, 6;
    %jmp T_28.70;
T_28.66 ;
    %pushi/vec4 19, 0, 5;
    %store/vec4 v0x5648ab4c2a70_0, 0, 5;
    %jmp T_28.70;
T_28.67 ;
    %pushi/vec4 19, 0, 5;
    %store/vec4 v0x5648ab4c2a70_0, 0, 5;
    %jmp T_28.70;
T_28.68 ;
    %pushi/vec4 19, 0, 5;
    %store/vec4 v0x5648ab4c2a70_0, 0, 5;
    %jmp T_28.70;
T_28.69 ;
    %pushi/vec4 25, 0, 5;
    %store/vec4 v0x5648ab4c2a70_0, 0, 5;
    %jmp T_28.70;
T_28.70 ;
    %pop/vec4 1;
    %jmp T_28.29;
T_28.21 ;
    %pushi/vec4 20, 0, 5;
    %store/vec4 v0x5648ab4c2a70_0, 0, 5;
    %jmp T_28.29;
T_28.22 ;
    %load/vec4 v0x5648ab4c2990_0;
    %flag_set/vec4 8;
    %jmp/0xz  T_28.71, 8;
    %pushi/vec4 21, 0, 5;
    %store/vec4 v0x5648ab4c2a70_0, 0, 5;
    %jmp T_28.72;
T_28.71 ;
    %pushi/vec4 20, 0, 5;
    %store/vec4 v0x5648ab4c2a70_0, 0, 5;
T_28.72 ;
    %jmp T_28.29;
T_28.23 ;
    %pushi/vec4 1, 0, 5;
    %store/vec4 v0x5648ab4c2a70_0, 0, 5;
    %jmp T_28.29;
T_28.24 ;
    %pushi/vec4 1, 0, 5;
    %store/vec4 v0x5648ab4c2a70_0, 0, 5;
    %jmp T_28.29;
T_28.25 ;
    %pushi/vec4 24, 0, 5;
    %store/vec4 v0x5648ab4c2a70_0, 0, 5;
    %jmp T_28.29;
T_28.26 ;
    %load/vec4 v0x5648ab4c2990_0;
    %flag_set/vec4 8;
    %jmp/0xz  T_28.73, 8;
    %pushi/vec4 17, 0, 5;
    %store/vec4 v0x5648ab4c2a70_0, 0, 5;
    %jmp T_28.74;
T_28.73 ;
    %pushi/vec4 24, 0, 5;
    %store/vec4 v0x5648ab4c2a70_0, 0, 5;
T_28.74 ;
    %jmp T_28.29;
T_28.27 ;
    %pushi/vec4 26, 0, 5;
    %store/vec4 v0x5648ab4c2a70_0, 0, 5;
    %jmp T_28.29;
T_28.28 ;
    %load/vec4 v0x5648ab4c2990_0;
    %flag_set/vec4 8;
    %jmp/0xz  T_28.75, 8;
    %pushi/vec4 21, 0, 5;
    %store/vec4 v0x5648ab4c2a70_0, 0, 5;
    %jmp T_28.76;
T_28.75 ;
    %pushi/vec4 26, 0, 5;
    %store/vec4 v0x5648ab4c2a70_0, 0, 5;
T_28.76 ;
    %jmp T_28.29;
T_28.29 ;
    %pop/vec4 1;
T_28.1 ;
    %jmp T_28;
    .thread T_28, $push;
    .scope S_0x5648ab4bf540;
T_29 ;
    %pushi/vec4 0, 0, 9;
    %store/vec4 v0x5648ab4ca8d0_0, 0, 9;
    %end;
    .thread T_29;
    .scope S_0x5648ab456760;
T_30 ;
    %pushi/vec4 0, 0, 1;
    %store/vec4 v0x5648ab4cb7b0_0, 0, 1;
    %end;
    .thread T_30;
    .scope S_0x5648ab456760;
T_31 ;
    %delay 10, 0;
    %load/vec4 v0x5648ab4cb7b0_0;
    %inv;
    %store/vec4 v0x5648ab4cb7b0_0, 0, 1;
    %jmp T_31;
    .thread T_31;
    .scope S_0x5648ab456760;
T_32 ;
    %delay 5000, 0;
    %vpi_call 3 13 "$stop" {0 0 0};
    %end;
    .thread T_32;
    .scope S_0x5648ab456760;
T_33 ;
    %pushi/vec4 1, 0, 1;
    %store/vec4 v0x5648ab4cb910_0, 0, 1;
    %delay 10, 0;
    %pushi/vec4 0, 0, 1;
    %store/vec4 v0x5648ab4cb910_0, 0, 1;
    %end;
    .thread T_33;
    .scope S_0x5648ab456760;
T_34 ;
    %end;
    .thread T_34;
# The file index is used to find the file name in the following table.
:file_names 4;
    "N/A";
    "<interactive>";
    "./mips.v";
    "mipsTester.v";
